2024-03-19 17:29:07,248 [INFO] Activator:176 - 


2024-03-19 17:29:07,256 [INFO] Activator:177 - !SESSION log4j initialized
2024-03-19 17:29:14,183 [INFO] LogOutputStream:77 - [STDOUT_REDIRECT] 
2024-03-19 17:29:18,961 [INFO] ApplicationProperties:184 - Using Application install path: C:\ST\STM32CubeIDE_1.14.1\STM32CubeIDE\plugins\com.st.stm32cube.common.mx_6.10.0.202311202037
2024-03-19 17:29:18,980 [INFO] DbMcusXml:78 - Set database path to: C:\ST\STM32CubeIDE_1.14.1\STM32CubeIDE\plugins\com.st.stm32cube.common.mx_6.10.0.202311202037\\db\/mcu/
2024-03-19 17:29:18,980 [INFO] ApiDb:274 - Set plugin database path to: C:\ST\STM32CubeIDE_1.14.1\STM32CubeIDE\plugins\com.st.stm32cube.common.mx_6.10.0.202311202037\\db\/plugins/boardmanager/
2024-03-19 17:29:18,981 [WARN] ApiDb:259 - Overriding images path with different value:  => C:\ST\STM32CubeIDE_1.14.1\STM32CubeIDE\plugins\com.st.stm32cube.common.mx_6.10.0.202311202037\\db\/plugins/mcufinder/images/
2024-03-19 17:29:18,992 [INFO] ApiDb:250 - Set database path to: C:\Users\myhg1\.stmcufinder\plugins\mcufinder//mcu/
2024-03-19 17:29:18,993 [INFO] DbMcusAds:125 - Set database path to: C:\Users\myhg1\.stmcufinder\plugins\mcufinder//mcu/
2024-03-19 17:29:18,994 [INFO] CrossReferenceDbSqlite:203 - Set database path to: C:\Users\myhg1\.stmcufinder\plugins\mcufinder//mcu/cs/
2024-03-19 17:29:19,083 [INFO] RulesReader:64 - Compatibility file has been processed (297 Rules)
2024-03-19 17:29:19,176 [INFO] DbMcusXml:78 - Set database path to: C:\ST\STM32CubeIDE_1.14.1\STM32CubeIDE\plugins\com.st.stm32cube.common.mx_6.10.0.202311202037\\db\/mcu/
2024-03-19 17:29:19,176 [INFO] ApiDb:274 - Set plugin database path to: C:\ST\STM32CubeIDE_1.14.1\STM32CubeIDE\plugins\com.st.stm32cube.common.mx_6.10.0.202311202037\\db\/plugins/boardmanager/
2024-03-19 17:29:19,176 [INFO] ApiDb:261 - Set plugin images path to: C:\ST\STM32CubeIDE_1.14.1\STM32CubeIDE\plugins\com.st.stm32cube.common.mx_6.10.0.202311202037\\db\/plugins/mcufinder/images/
2024-03-19 17:29:19,177 [WARN] DbFile:41 - Overriding database path with different value: C:\Users\myhg1\.stmcufinder\plugins\mcufinder/ => C:\Users\myhg1\.stmcufinder\plugins\mcufinder
2024-03-19 17:29:19,177 [INFO] ApiDb:250 - Set database path to: C:\Users\myhg1\.stmcufinder\plugins\mcufinder//mcu/
2024-03-19 17:29:19,177 [WARN] DbFile:41 - Overriding database path with different value: C:\Users\myhg1\.stmcufinder\plugins\mcufinder/ => C:\Users\myhg1\.stmcufinder\plugins\mcufinder
2024-03-19 17:29:19,177 [INFO] DbMcusAds:125 - Set database path to: C:\Users\myhg1\.stmcufinder\plugins\mcufinder//mcu/
2024-03-19 17:29:19,177 [WARN] DbFile:41 - Overriding database path with different value: C:\Users\myhg1\.stmcufinder\plugins\mcufinder/ => C:\Users\myhg1\.stmcufinder\plugins\mcufinder
2024-03-19 17:29:19,177 [WARN] DbFile:41 - Overriding database path with different value: C:\Users\myhg1\.stmcufinder\plugins\mcufinder/ => C:\Users\myhg1\.stmcufinder\plugins\mcufinder
2024-03-19 17:29:19,177 [INFO] CrossReferenceDbSqlite:203 - Set database path to: C:\Users\myhg1\.stmcufinder\plugins\mcufinder//mcu/cs/
2024-03-19 17:29:19,258 [INFO] MainPanel:264 - HeapMemory: 268435456
2024-03-19 17:29:19,338 [INFO] DbMcusXml:78 - Set database path to: C:\ST\STM32CubeIDE_1.14.1\STM32CubeIDE\plugins\com.st.stm32cube.common.mx_6.10.0.202311202037\\db\/mcu/
2024-03-19 17:29:19,338 [INFO] ApiDb:274 - Set plugin database path to: C:\ST\STM32CubeIDE_1.14.1\STM32CubeIDE\plugins\com.st.stm32cube.common.mx_6.10.0.202311202037\\db\/plugins/boardmanager/
2024-03-19 17:29:19,339 [INFO] ApiDb:261 - Set plugin images path to: C:\ST\STM32CubeIDE_1.14.1\STM32CubeIDE\plugins\com.st.stm32cube.common.mx_6.10.0.202311202037\\db\/plugins/mcufinder/images/
2024-03-19 17:29:19,339 [WARN] DbFile:41 - Overriding database path with different value: C:\Users\myhg1\.stmcufinder\plugins\mcufinder/ => C:\Users\myhg1\.stmcufinder\plugins\mcufinder
2024-03-19 17:29:19,339 [INFO] ApiDb:250 - Set database path to: C:\Users\myhg1\.stmcufinder\plugins\mcufinder//mcu/
2024-03-19 17:29:19,339 [WARN] DbFile:41 - Overriding database path with different value: C:\Users\myhg1\.stmcufinder\plugins\mcufinder/ => C:\Users\myhg1\.stmcufinder\plugins\mcufinder
2024-03-19 17:29:19,339 [INFO] DbMcusAds:125 - Set database path to: C:\Users\myhg1\.stmcufinder\plugins\mcufinder//mcu/
2024-03-19 17:29:19,339 [WARN] DbFile:41 - Overriding database path with different value: C:\Users\myhg1\.stmcufinder\plugins\mcufinder/ => C:\Users\myhg1\.stmcufinder\plugins\mcufinder
2024-03-19 17:29:19,340 [WARN] DbFile:41 - Overriding database path with different value: C:\Users\myhg1\.stmcufinder\plugins\mcufinder/ => C:\Users\myhg1\.stmcufinder\plugins\mcufinder
2024-03-19 17:29:19,340 [INFO] CrossReferenceDbSqlite:203 - Set database path to: C:\Users\myhg1\.stmcufinder\plugins\mcufinder//mcu/cs/
2024-03-19 17:29:19,356 [INFO] ApplicationProperties:184 - Using Application install path: C:\ST\STM32CubeIDE_1.14.1\STM32CubeIDE\plugins\com.st.stm32cube.common.mx_6.10.0.202311202037
2024-03-19 17:29:19,358 [INFO] PluginManage:196 - Search for loadable plugins [exclusion list=, ]
2024-03-19 17:29:19,360 [INFO] PluginManage:310 - Check plugin analytics
2024-03-19 17:29:19,539 [INFO] AnalyticsPlugin:253 - Accepted Software Licenses: 
2024-03-19 17:29:19,539 [INFO] AnalyticsPlugin:255 - Accepted CMSIS Pack Licenses: 
2024-03-19 17:29:19,540 [INFO] AnalyticsPlugin:257 - Accepted Firmware Licenses: FW.F4.1.28.0
2024-03-19 17:29:19,544 [INFO] PluginManage:359 - Loaded plugin analytics (category:tool,tabindex:-1)
2024-03-19 17:29:19,544 [INFO] PluginManage:310 - Check plugin cadmodel
2024-03-19 17:29:19,586 [INFO] CADModel:105 - Init CAD model plugin
2024-03-19 17:29:19,587 [INFO] PluginManage:359 - Loaded plugin cadmodel (category:power,tabindex:5)
2024-03-19 17:29:19,587 [INFO] PluginManage:310 - Check plugin clock
2024-03-19 17:29:19,624 [INFO] PluginManage:359 - Loaded plugin clock (category:base,tabindex:2)
2024-03-19 17:29:19,625 [INFO] PluginManage:310 - Check plugin ddr
2024-03-19 17:29:19,627 [INFO] PluginManage:359 - Loaded plugin ddr (category:tool,tabindex:6)
2024-03-19 17:29:19,627 [INFO] PluginManage:310 - Check plugin filemanager
2024-03-19 17:29:19,784 [INFO] PluginManage:359 - Loaded plugin filemanager (category:base,tabindex:10)
2024-03-19 17:29:19,785 [INFO] PluginManage:310 - Check plugin ipmanager
2024-03-19 17:29:19,793 [INFO] PluginManage:359 - Loaded plugin ipmanager (category:base,tabindex:5)
2024-03-19 17:29:19,793 [INFO] PluginManage:310 - Check plugin lpbam
2024-03-19 17:29:19,811 [INFO] PluginManage:359 - Loaded plugin lpbam (category:base,tabindex:0)
2024-03-19 17:29:19,811 [INFO] PluginManage:310 - Check plugin memorymap
2024-03-19 17:29:19,837 [INFO] PluginManage:359 - Loaded plugin memorymap (category:base,tabindex:4)
2024-03-19 17:29:19,838 [INFO] PluginManage:310 - Check plugin pinoutandconfiguration
2024-03-19 17:29:19,859 [INFO] PluginManage:359 - Loaded plugin pinoutandconfiguration (category:base,tabindex:1)
2024-03-19 17:29:19,859 [INFO] PluginManage:310 - Check plugin pinoutconfig
2024-03-19 17:29:19,985 [WARN] SupportedApi:132 - Cannot load RTOS API schema: s4s-elt-must-match.1: The content of 'definitions' must match (annotation?, (simpleType | complexType)?, (unique | key | keyref)*)). A problem was found starting at: attribute.
2024-03-19 17:29:20,096 [INFO] PluginManage:359 - Loaded plugin pinoutconfig (category:base,tabindex:0)
2024-03-19 17:29:20,097 [INFO] PluginManage:310 - Check plugin power
2024-03-19 17:29:20,139 [INFO] PluginManage:359 - Loaded plugin power (category:power,tabindex:4)
2024-03-19 17:29:20,140 [INFO] PluginManage:310 - Check plugin projectmanager
2024-03-19 17:29:20,157 [INFO] PluginManage:359 - Loaded plugin projectmanager (category:projectmanager,tabindex:3)
2024-03-19 17:29:20,157 [INFO] PluginManage:310 - Check plugin thirdparty
2024-03-19 17:29:20,384 [WARN] IntegrityCheckThread:84 - waiting for thirdparty lock release [integrity check]
2024-03-19 17:29:20,384 [INFO] PluginManage:359 - Loaded plugin thirdparty (category:base,tabindex:-1)
2024-03-19 17:29:20,384 [INFO] IntegrityCheckThread:86 - entering critical section [integrity check]
2024-03-19 17:29:20,385 [INFO] PluginManage:310 - Check plugin tools
2024-03-19 17:29:20,385 [INFO] ThirdPartyUpdaterWithRetryManager:70 - Updater plugin not ready yet. [1/15]
2024-03-19 17:29:20,394 [INFO] PluginManage:359 - Loaded plugin tools (category:base,tabindex:7)
2024-03-19 17:29:20,394 [INFO] PluginManage:310 - Check plugin tutovideos
2024-03-19 17:29:20,605 [INFO] PluginManage:359 - Loaded plugin tutovideos (category:base,tabindex:-1)
2024-03-19 17:29:20,606 [INFO] PluginManage:310 - Check plugin updater
2024-03-19 17:29:20,616 [INFO] PluginManage:359 - Loaded plugin updater (category:base,tabindex:12)
2024-03-19 17:29:20,617 [INFO] PluginManage:310 - Check plugin userauth
2024-03-19 17:29:20,622 [INFO] UserAuth:114 - Init User Auth plugin
2024-03-19 17:29:20,622 [INFO] PluginManage:359 - Loaded plugin userauth (category:base,tabindex:14)
2024-03-19 17:29:20,622 [INFO] PluginManage:283 - PluginManage : Loaded plugins [17]
2024-03-19 17:29:20,825 [INFO] PinOutPanel:1499 - setPackage(No Configuration,No Configuration)
2024-03-19 17:29:20,889 [INFO] CADModel:165 - CPN selected for project level
2024-03-19 17:29:20,889 [INFO] CADModel:114 - Register for checkConnection events
2024-03-19 17:29:20,917 [INFO] IPUIPlugin:80 - create IPUIPlugin
2024-03-19 17:29:20,918 [INFO] PluginManager:220 - loadIPPluginJar : add adc
2024-03-19 17:29:20,929 [INFO] IPUIPlugin:80 - create IPUIPlugin
2024-03-19 17:29:20,929 [INFO] PluginManager:220 - loadIPPluginJar : add aes
2024-03-19 17:29:20,949 [INFO] IPUIPlugin:80 - create IPUIPlugin
2024-03-19 17:29:20,949 [INFO] PluginManager:220 - loadIPPluginJar : add can
2024-03-19 17:29:20,967 [INFO] IPUIPlugin:80 - create IPUIPlugin
2024-03-19 17:29:20,967 [INFO] PluginManager:220 - loadIPPluginJar : add comp
2024-03-19 17:29:20,985 [INFO] IPUIPlugin:80 - create IPUIPlugin
2024-03-19 17:29:20,985 [INFO] PluginManager:220 - loadIPPluginJar : add cryp
2024-03-19 17:29:20,995 [INFO] IPUIPlugin:80 - create IPUIPlugin
2024-03-19 17:29:20,995 [INFO] PluginManager:220 - loadIPPluginJar : add dfsdm
2024-03-19 17:29:21,026 [INFO] IPUIPlugin:80 - create IPUIPlugin
2024-03-19 17:29:21,027 [INFO] PluginManager:220 - loadIPPluginJar : add dma
2024-03-19 17:29:21,048 [INFO] IPUIPlugin:80 - create IPUIPlugin
2024-03-19 17:29:21,048 [INFO] PluginManager:220 - loadIPPluginJar : add dma3
2024-03-19 17:29:21,054 [INFO] IPUIPlugin:80 - create IPUIPlugin
2024-03-19 17:29:21,054 [INFO] PluginManager:220 - loadIPPluginJar : add fatfs
2024-03-19 17:29:21,077 [INFO] IPUIPlugin:80 - create IPUIPlugin
2024-03-19 17:29:21,077 [INFO] PluginManager:220 - loadIPPluginJar : add fmc
2024-03-19 17:29:21,110 [INFO] IPUIPlugin:80 - create IPUIPlugin
2024-03-19 17:29:21,111 [INFO] PluginManager:220 - loadIPPluginJar : add freertos
2024-03-19 17:29:21,115 [INFO] IPUIPlugin:80 - create IPUIPlugin
2024-03-19 17:29:21,116 [INFO] PluginManager:220 - loadIPPluginJar : add genericplugin
2024-03-19 17:29:21,138 [INFO] IPUIPlugin:80 - create IPUIPlugin
2024-03-19 17:29:21,140 [INFO] PluginManager:220 - loadIPPluginJar : add gfxmmu
2024-03-19 17:29:21,161 [INFO] IPUIPlugin:80 - create IPUIPlugin
2024-03-19 17:29:21,161 [INFO] PluginManager:220 - loadIPPluginJar : add gic
2024-03-19 17:29:21,182 [INFO] IPUIPlugin:80 - create IPUIPlugin
2024-03-19 17:29:21,182 [INFO] PluginManager:220 - loadIPPluginJar : add gpio
2024-03-19 17:29:21,196 [INFO] IPUIPlugin:80 - create IPUIPlugin
2024-03-19 17:29:21,196 [INFO] PluginManager:220 - loadIPPluginJar : add gtzc
2024-03-19 17:29:21,204 [INFO] IPUIPlugin:80 - create IPUIPlugin
2024-03-19 17:29:21,204 [INFO] PluginManager:220 - loadIPPluginJar : add hash
2024-03-19 17:29:21,218 [INFO] IPUIPlugin:80 - create IPUIPlugin
2024-03-19 17:29:21,219 [INFO] PluginManager:220 - loadIPPluginJar : add i2c
2024-03-19 17:29:21,233 [INFO] IPUIPlugin:80 - create IPUIPlugin
2024-03-19 17:29:21,233 [INFO] PluginManager:220 - loadIPPluginJar : add i2s
2024-03-19 17:29:21,251 [INFO] IPUIPlugin:80 - create IPUIPlugin
2024-03-19 17:29:21,251 [INFO] PluginManager:220 - loadIPPluginJar : add i3c
2024-03-19 17:29:21,270 [INFO] IPUIPlugin:80 - create IPUIPlugin
2024-03-19 17:29:21,271 [INFO] PluginManager:220 - loadIPPluginJar : add ipddr
2024-03-19 17:29:21,296 [INFO] IPUIPlugin:80 - create IPUIPlugin
2024-03-19 17:29:21,297 [INFO] PluginManager:220 - loadIPPluginJar : add linkedlist
2024-03-19 17:29:21,308 [INFO] IPUIPlugin:80 - create IPUIPlugin
2024-03-19 17:29:21,308 [INFO] PluginManager:220 - loadIPPluginJar : add lorawan
2024-03-19 17:29:21,321 [INFO] IPUIPlugin:80 - create IPUIPlugin
2024-03-19 17:29:21,321 [INFO] PluginManager:220 - loadIPPluginJar : add ltdc
2024-03-19 17:29:21,338 [INFO] IPUIPlugin:80 - create IPUIPlugin
2024-03-19 17:29:21,339 [INFO] PluginManager:220 - loadIPPluginJar : add mdma
2024-03-19 17:29:21,358 [INFO] IPUIPlugin:80 - create IPUIPlugin
2024-03-19 17:29:21,358 [INFO] PluginManager:220 - loadIPPluginJar : add nvic
2024-03-19 17:29:21,370 [INFO] IPUIPlugin:80 - create IPUIPlugin
2024-03-19 17:29:21,371 [INFO] PluginManager:220 - loadIPPluginJar : add opamp
2024-03-19 17:29:21,384 [INFO] IPUIPlugin:80 - create IPUIPlugin
2024-03-19 17:29:21,385 [INFO] PluginManager:220 - loadIPPluginJar : add openamp
2024-03-19 17:29:21,398 [INFO] IPUIPlugin:80 - create IPUIPlugin
2024-03-19 17:29:21,398 [INFO] PluginManager:220 - loadIPPluginJar : add pdm2pcm
2024-03-19 17:29:21,419 [INFO] IPUIPlugin:80 - create IPUIPlugin
2024-03-19 17:29:21,420 [INFO] PluginManager:220 - loadIPPluginJar : add plateformsettings
2024-03-19 17:29:21,426 [INFO] IPUIPlugin:80 - create IPUIPlugin
2024-03-19 17:29:21,426 [INFO] PluginManager:220 - loadIPPluginJar : add quadspi
2024-03-19 17:29:21,446 [INFO] IPUIPlugin:80 - create IPUIPlugin
2024-03-19 17:29:21,446 [INFO] PluginManager:220 - loadIPPluginJar : add resmgrutility
2024-03-19 17:29:21,473 [INFO] IPUIPlugin:80 - create IPUIPlugin
2024-03-19 17:29:21,473 [INFO] PluginManager:220 - loadIPPluginJar : add sai
2024-03-19 17:29:21,485 [INFO] IPUIPlugin:80 - create IPUIPlugin
2024-03-19 17:29:21,485 [INFO] PluginManager:220 - loadIPPluginJar : add spi
2024-03-19 17:29:21,509 [INFO] IPUIPlugin:80 - create IPUIPlugin
2024-03-19 17:29:21,509 [INFO] PluginManager:220 - loadIPPluginJar : add stm32_wpan
2024-03-19 17:29:21,516 [INFO] IPUIPlugin:80 - create IPUIPlugin
2024-03-19 17:29:21,516 [INFO] PluginManager:220 - loadIPPluginJar : add tim
2024-03-19 17:29:21,534 [INFO] IPUIPlugin:80 - create IPUIPlugin
2024-03-19 17:29:21,534 [INFO] PluginManager:220 - loadIPPluginJar : add touchsensing
2024-03-19 17:29:21,544 [INFO] IPUIPlugin:80 - create IPUIPlugin
2024-03-19 17:29:21,544 [INFO] PluginManager:220 - loadIPPluginJar : add tracer_emb
2024-03-19 17:29:21,552 [INFO] IPUIPlugin:80 - create IPUIPlugin
2024-03-19 17:29:21,552 [INFO] PluginManager:220 - loadIPPluginJar : add ts
2024-03-19 17:29:21,559 [INFO] IPUIPlugin:80 - create IPUIPlugin
2024-03-19 17:29:21,559 [INFO] PluginManager:220 - loadIPPluginJar : add tsc
2024-03-19 17:29:21,566 [INFO] IPUIPlugin:80 - create IPUIPlugin
2024-03-19 17:29:21,566 [INFO] PluginManager:220 - loadIPPluginJar : add ucpd
2024-03-19 17:29:21,583 [INFO] IPUIPlugin:80 - create IPUIPlugin
2024-03-19 17:29:21,584 [INFO] PluginManager:220 - loadIPPluginJar : add usart
2024-03-19 17:29:21,614 [INFO] IPUIPlugin:80 - create IPUIPlugin
2024-03-19 17:29:21,614 [INFO] PluginManager:220 - loadIPPluginJar : add usbx
2024-03-19 17:29:21,734 [INFO] CADModel:165 - CPN selected for project level
2024-03-19 17:29:21,734 [INFO] CADModel:114 - Register for checkConnection events
2024-03-19 17:29:21,736 [FATAL] Updater:308 - Updater called before beeing initialized
2024-03-19 17:29:21,736 [ERROR] CADModel:125 - Updater not yet initialized, retry later 
2024-03-19 17:29:21,866 [INFO] CADModel:165 - CPN selected for project level
2024-03-19 17:29:21,866 [INFO] CADModel:114 - Register for checkConnection events
2024-03-19 17:29:21,866 [FATAL] Updater:308 - Updater called before beeing initialized
2024-03-19 17:29:21,866 [ERROR] CADModel:125 - Updater not yet initialized, retry later 
2024-03-19 17:29:21,869 [FATAL] Updater:308 - Updater called before beeing initialized
2024-03-19 17:29:21,976 [FATAL] Updater:308 - Updater called before beeing initialized
2024-03-19 17:29:21,980 [INFO] DbMcusAds:53 - JSON generation date=Wed Nov 29 19:52:27 KST 2023 (1701255147349)
2024-03-19 17:29:21,981 [FATAL] Updater:308 - Updater called before beeing initialized
2024-03-19 17:29:22,012 [WARN] DetailPanel:346 - Failed to get advertising image, set to default
2024-03-19 17:29:22,093 [FATAL] Updater:308 - Updater called before beeing initialized
2024-03-19 17:29:22,095 [FATAL] Updater:308 - Updater called before beeing initialized
2024-03-19 17:29:22,095 [FATAL] Updater:308 - Updater called before beeing initialized
2024-03-19 17:29:22,095 [WARN] DetailPanel:346 - Failed to get advertising image, set to default
2024-03-19 17:29:22,096 [FATAL] Updater:308 - Updater called before beeing initialized
2024-03-19 17:29:22,156 [ERROR] Updater:1120 - MainUpdater not yet initialized. External WinMGr cannot be set.
2024-03-19 17:29:22,160 [INFO] Updater:1056 - Updater Version found : 6.10.0
2024-03-19 17:29:22,180 [INFO] ApplicationProperties:184 - Using Application install path: C:\ST\STM32CubeIDE_1.14.1\STM32CubeIDE\plugins\com.st.stm32cube.common.mx_6.10.0.202311202037
2024-03-19 17:29:23,387 [INFO] ThirdPartyUpdaterWithRetryManager:70 - Updater plugin not ready yet. [2/15]
2024-03-19 17:29:23,755 [ERROR] LogOutputStream:75 - [STDERR_REDIRECT] Mar 19, 2024 5:29:23 PM java.util.prefs.WindowsPreferences <init>
2024-03-19 17:29:23,757 [ERROR] LogOutputStream:75 - [STDERR_REDIRECT] WARNING: Could not open/create prefs root node Software\JavaSoft\Prefs at root 0xffffffff80000002. Windows RegCreateKeyEx(...) returned error code 5.
2024-03-19 17:29:23,757 [ERROR] LogOutputStream:75 - [STDERR_REDIRECT] 
2024-03-19 17:29:24,399 [INFO] MainUpdater:2873 - connection check result : 10
2024-03-19 17:29:24,400 [INFO] MainUpdater:290 - Updater Check For Update Now.
2024-03-19 17:29:24,400 [INFO] MicroXplorer:498 - Change Database Version : DB.6.0.100
2024-03-19 17:29:24,418 [INFO] McuFinderGlobals:63 - Set McuFinder mode to 2 (CubeIDE integrated)
2024-03-19 17:29:24,572 [INFO] CheckServerUpdateThread:120 - End of CheckServer Thread
2024-03-19 17:29:25,105 [INFO] UserAuth:404 - Internet connection configuration mode: 1
2024-03-19 17:29:25,135 [INFO] JxBrowserEngine:152 - Initiate JxBrowser Engine with user profile folder
2024-03-19 17:29:26,543 [WARN] PackLoader:240 - Cannot read IP mode file for STMicroelectronics.X-CUBE-SMBUS.2.1.0
2024-03-19 17:29:26,556 [WARN] PackLoader:240 - Cannot read IP mode file for STMicroelectronics.X-CUBE-TOUCHGFX.4.23.0
2024-03-19 17:29:26,586 [WARN] PackLoader:240 - Cannot read IP mode file for STMicroelectronics.X-CUBE-AZRTOS-F7.1.1.0
2024-03-19 17:29:26,597 [WARN] PackLoader:240 - Cannot read IP mode file for STMicroelectronics.FP-SNS-MOTENV1.4.3.2
2024-03-19 17:29:26,608 [WARN] PackLoader:240 - Cannot read IP mode file for STMicroelectronics.FP-SNS-FLIGHT1.5.0.2
2024-03-19 17:29:26,619 [WARN] PackLoader:240 - Cannot read IP mode file for STMicroelectronics.X-CUBE-DISPLAY.3.0.0
2024-03-19 17:29:26,636 [WARN] PackLoader:240 - Cannot read IP mode file for STMicroelectronics.X-CUBE-BLE1.7.0.0
2024-03-19 17:29:26,645 [WARN] PackLoader:240 - Cannot read IP mode file for emotas.I-CUBE-CANOPEN.1.3.0
2024-03-19 17:29:26,657 [WARN] PackLoader:240 - Cannot read IP mode file for STMicroelectronics.X-CUBE-BLEMGR.3.1.0
2024-03-19 17:29:26,668 [WARN] PackLoader:240 - Cannot read IP mode file for STMicroelectronics.FP-SNS-SMARTAG2.1.2.0
2024-03-19 17:29:26,682 [INFO] LogOutputStream:77 - [STDOUT_REDIRECT] 1 : Invalid condition id : UX_CORESTACK_Condition cause : null
2024-03-19 17:29:26,683 [INFO] LogOutputStream:77 - [STDOUT_REDIRECT] 1 : Invalid condition id : UX_CORESTACK_Condition cause : null
2024-03-19 17:29:26,684 [INFO] LogOutputStream:77 - [STDOUT_REDIRECT] 1 : Invalid condition id : UX_CORESTACK_Condition cause : null
2024-03-19 17:29:26,685 [INFO] LogOutputStream:77 - [STDOUT_REDIRECT] 1 : Invalid condition id : UX_CORESTACK_Condition cause : null
2024-03-19 17:29:26,686 [INFO] LogOutputStream:77 - [STDOUT_REDIRECT] 1 : Invalid condition id : UX_CORESTACK_Condition cause : null
2024-03-19 17:29:26,687 [WARN] PackLoader:240 - Cannot read IP mode file for STMicroelectronics.X-CUBE-AZRTOS-WL.2.0.0
2024-03-19 17:29:26,698 [WARN] PackLoader:240 - Cannot read IP mode file for WES.I-CUBE-Cesium.1.3.0
2024-03-19 17:29:26,714 [WARN] PackLoader:240 - Cannot read IP mode file for STMicroelectronics.X-CUBE-BLE2.3.3.0
2024-03-19 17:29:26,730 [WARN] PackLoader:240 - Cannot read IP mode file for STMicroelectronics.X-CUBE-ALGOBUILD.1.3.0
2024-03-19 17:29:26,757 [WARN] PackLoader:240 - Cannot read IP mode file for STMicroelectronics.X-CUBE-AZRTOS-G0.1.1.0
2024-03-19 17:29:26,796 [WARN] PackLoader:240 - Cannot read IP mode file for STMicroelectronics.X-CUBE-NFC4.3.0.0
2024-03-19 17:29:26,804 [WARN] PackLoader:240 - Cannot read IP mode file for STMicroelectronics.FP-ATR-SIGFOX1.3.2.0
2024-03-19 17:29:26,822 [WARN] PackLoader:240 - Cannot read IP mode file for STMicroelectronics.X-CUBE-EEPRMA1.5.1.0
2024-03-19 17:29:26,850 [WARN] PackLoader:240 - Cannot read IP mode file for SEGGER.I-CUBE-embOS.1.3.1
2024-03-19 17:29:26,893 [WARN] PackLoader:240 - Cannot read IP mode file for STMicroelectronics.X-CUBE-GNSS1.6.0.0
2024-03-19 17:29:26,912 [WARN] PackLoader:240 - Cannot read IP mode file for STMicroelectronics.X-CUBE-AZRTOS-F4.1.1.0
2024-03-19 17:29:26,920 [WARN] PackLoader:240 - Cannot read IP mode file for wolfSSL.I-CUBE-wolfSSL.5.6.6
2024-03-19 17:29:26,937 [WARN] PackLoader:240 - Cannot read IP mode file for STMicroelectronics.X-CUBE-AZRTOS-L5.2.0.0
2024-03-19 17:29:26,948 [WARN] PackLoader:240 - Cannot read IP mode file for ITTIA_DB.I-CUBE-ITTIADB.8.8.0
2024-03-19 17:29:26,963 [WARN] PackLoader:240 - Cannot read IP mode file for STMicroelectronics.X-CUBE-NFC7.1.0.1
2024-03-19 17:29:26,985 [WARN] PackLoader:240 - Cannot read IP mode file for STMicroelectronics.X-CUBE-NFC6.3.0.0
2024-03-19 17:29:27,000 [WARN] PackLoader:240 - Cannot read IP mode file for STMicroelectronics.X-CUBE-AI.8.1.0
2024-03-19 17:29:27,024 [WARN] ConditionMgr:438 - getConditionDescription Invalid condition id : LAN8742 Phy interface Condition cause : null
2024-03-19 17:29:27,024 [WARN] PackLoader:240 - Cannot read IP mode file for STMicroelectronics.X-CUBE-AZRTOS-L4.2.0.0
2024-03-19 17:29:27,026 [WARN] ConditionMgr:1039 - genDependencies : Invalid condition id : LAN8742 Phy interface Condition cause : null
2024-03-19 17:29:27,026 [WARN] ConditionMgr:1039 - genDependencies : Invalid condition id : LAN8742 Phy interface Condition cause : null
2024-03-19 17:29:27,026 [WARN] ConditionMgr:1039 - genDependencies : Invalid condition id : LAN8742 Phy interface Condition cause : null
2024-03-19 17:29:27,051 [WARN] PackLoader:240 - Cannot read IP mode file for STMicroelectronics.X-CUBE-SFXS2LP1.4.0.0
2024-03-19 17:29:27,069 [WARN] ConditionMgr:438 - getConditionDescription Invalid condition id : UX DEVICE CLASS RTOS Condition cause : null
2024-03-19 17:29:27,069 [WARN] ConditionMgr:438 - getConditionDescription Invalid condition id : UX DEVICE CLASS RTOS Condition cause : null
2024-03-19 17:29:27,071 [WARN] PackLoader:240 - Cannot read IP mode file for STMicroelectronics.X-CUBE-AZRTOS-WB.2.0.0
2024-03-19 17:29:27,071 [WARN] ConditionMgr:1039 - genDependencies : Invalid condition id : UX DEVICE CLASS RTOS Condition cause : null
2024-03-19 17:29:27,072 [WARN] ConditionMgr:1039 - genDependencies : Invalid condition id : UX DEVICE CLASS RTOS Condition cause : null
2024-03-19 17:29:27,072 [WARN] ConditionMgr:1039 - genDependencies : Invalid condition id : UX DEVICE CLASS RTOS Condition cause : null
2024-03-19 17:29:27,072 [WARN] ConditionMgr:1039 - genDependencies : Invalid condition id : UX DEVICE CLASS RTOS Condition cause : null
2024-03-19 17:29:27,072 [WARN] ConditionMgr:1039 - genDependencies : Invalid condition id : UX DEVICE CLASS RTOS Condition cause : null
2024-03-19 17:29:27,086 [WARN] PackLoader:240 - Cannot read IP mode file for STMicroelectronics.X-CUBE-SUBG2.5.0.0
2024-03-19 17:29:27,169 [WARN] PackLoader:240 - Cannot read IP mode file for STMicroelectronics.X-CUBE-AZRTOS-G4.2.0.0
2024-03-19 17:29:27,188 [WARN] PackLoader:240 - Cannot read IP mode file for Infineon.AIROC-Wi-Fi-Bluetooth-STM32.1.5.1
2024-03-19 17:29:27,199 [WARN] PackLoader:240 - Cannot read IP mode file for STMicroelectronics.FP-SNS-MOTENVWB1.1.3.1
2024-03-19 17:29:27,210 [WARN] PackLoader:240 - Cannot read IP mode file for STMicroelectronics.X-CUBE-ISPU.2.0.0
2024-03-19 17:29:27,393 [WARN] PackLoader:240 - Cannot read IP mode file for STMicroelectronics.X-CUBE-MEMS1.10.0.0
2024-03-19 17:29:27,492 [WARN] PackLoader:240 - Cannot read IP mode file for STMicroelectronics.X-CUBE-FREERTOS.1.1.0
2024-03-19 17:29:27,502 [WARN] PackLoader:240 - Cannot read IP mode file for portGmbH.I-Cube-SoM-uGOAL.1.1.0
2024-03-19 17:29:27,511 [WARN] PackLoader:240 - Cannot read IP mode file for STMicroelectronics.X-CUBE-ALS.1.0.1
2024-03-19 17:29:27,519 [WARN] PackLoader:240 - Cannot read IP mode file for STMicroelectronics.FP-ATR-ASTRA1.2.0.0
2024-03-19 17:29:27,534 [WARN] PackLoader:240 - Cannot read IP mode file for STMicroelectronics.X-CUBE-TOF1.3.4.1
2024-03-19 17:29:27,574 [WARN] PackLoader:240 - Cannot read IP mode file for STMicroelectronics.X-CUBE-AZRTOS-H7.3.2.0
2024-03-19 17:29:27,579 [INFO] ThirdParty:978 - Integrity check success = true
2024-03-19 17:29:27,579 [INFO] IntegrityCheckThread:100 - exiting critical section [integrity check]
2024-03-19 17:29:27,580 [INFO] IntegrityCheckThread:103 - End integrity checks thread
2024-03-19 17:29:27,910 [INFO] WebApp:161 - Instantiating new browser for Auth
2024-03-19 17:29:28,661 [INFO] WebApp:780 - Register for checkConnection events
2024-03-19 17:29:28,663 [INFO] WebApp:414 - Apply proxy settings
2024-03-19 17:29:28,663 [INFO] WebApp:499 - Chromium requires no authentication
2024-03-19 17:29:28,670 [INFO] WebApp:442 - Direct internet connection detected
2024-03-19 17:29:28,886 [INFO] WebApp:192 - Starting web application
2024-03-19 17:29:28,886 [INFO] WebApp:544 - Web application path used C:\ST\STM32CubeIDE_1.14.1\STM32CubeIDE\plugins\com.st.stm32cube.common.mx_6.10.0.202311202037\db\plugins\mcufinder\reactClient1\index.html
2024-03-19 17:29:50,158 [ERROR] LogOutputStream:75 - [STDERR_REDIRECT] SLF4J: Failed to load class "org.slf4j.impl.StaticLoggerBinder".
2024-03-19 17:29:50,159 [ERROR] LogOutputStream:75 - [STDERR_REDIRECT] SLF4J: Defaulting to no-operation (NOP) logger implementation
2024-03-19 17:29:50,160 [ERROR] LogOutputStream:75 - [STDERR_REDIRECT] SLF4J: See http://www.slf4j.org/codes.html#StaticLoggerBinder for further details.
