2024-04-17 19:04:11,238 [INFO] Activator:176 - 


2024-04-17 19:04:11,244 [INFO] Activator:177 - !SESSION log4j initialized
2024-04-17 19:04:18,310 [INFO] LogOutputStream:77 - [STDOUT_REDIRECT] 
2024-04-17 19:04:26,325 [INFO] ApplicationProperties:184 - Using Application install path: C:\ST\STM32CubeIDE_1.14.1\STM32CubeIDE\plugins\com.st.stm32cube.common.mx_6.10.0.202311202037
2024-04-17 19:04:26,345 [INFO] DbMcusXml:78 - Set database path to: C:\ST\STM32CubeIDE_1.14.1\STM32CubeIDE\plugins\com.st.stm32cube.common.mx_6.10.0.202311202037\\db\/mcu/
2024-04-17 19:04:26,346 [INFO] ApiDb:274 - Set plugin database path to: C:\ST\STM32CubeIDE_1.14.1\STM32CubeIDE\plugins\com.st.stm32cube.common.mx_6.10.0.202311202037\\db\/plugins/boardmanager/
2024-04-17 19:04:26,346 [WARN] ApiDb:259 - Overriding images path with different value:  => C:\ST\STM32CubeIDE_1.14.1\STM32CubeIDE\plugins\com.st.stm32cube.common.mx_6.10.0.202311202037\\db\/plugins/mcufinder/images/
2024-04-17 19:04:26,361 [INFO] ApiDb:250 - Set database path to: C:\Users\myhg1\.stmcufinder\plugins\mcufinder//mcu/
2024-04-17 19:04:26,362 [INFO] DbMcusAds:125 - Set database path to: C:\Users\myhg1\.stmcufinder\plugins\mcufinder//mcu/
2024-04-17 19:04:26,363 [INFO] CrossReferenceDbSqlite:203 - Set database path to: C:\Users\myhg1\.stmcufinder\plugins\mcufinder//mcu/cs/
2024-04-17 19:04:26,460 [INFO] RulesReader:64 - Compatibility file has been processed (297 Rules)
2024-04-17 19:04:26,552 [INFO] DbMcusXml:78 - Set database path to: C:\ST\STM32CubeIDE_1.14.1\STM32CubeIDE\plugins\com.st.stm32cube.common.mx_6.10.0.202311202037\\db\/mcu/
2024-04-17 19:04:26,552 [INFO] ApiDb:274 - Set plugin database path to: C:\ST\STM32CubeIDE_1.14.1\STM32CubeIDE\plugins\com.st.stm32cube.common.mx_6.10.0.202311202037\\db\/plugins/boardmanager/
2024-04-17 19:04:26,552 [INFO] ApiDb:261 - Set plugin images path to: C:\ST\STM32CubeIDE_1.14.1\STM32CubeIDE\plugins\com.st.stm32cube.common.mx_6.10.0.202311202037\\db\/plugins/mcufinder/images/
2024-04-17 19:04:26,553 [WARN] DbFile:41 - Overriding database path with different value: C:\Users\myhg1\.stmcufinder\plugins\mcufinder/ => C:\Users\myhg1\.stmcufinder\plugins\mcufinder
2024-04-17 19:04:26,553 [INFO] ApiDb:250 - Set database path to: C:\Users\myhg1\.stmcufinder\plugins\mcufinder//mcu/
2024-04-17 19:04:26,553 [WARN] DbFile:41 - Overriding database path with different value: C:\Users\myhg1\.stmcufinder\plugins\mcufinder/ => C:\Users\myhg1\.stmcufinder\plugins\mcufinder
2024-04-17 19:04:26,553 [INFO] DbMcusAds:125 - Set database path to: C:\Users\myhg1\.stmcufinder\plugins\mcufinder//mcu/
2024-04-17 19:04:26,553 [WARN] DbFile:41 - Overriding database path with different value: C:\Users\myhg1\.stmcufinder\plugins\mcufinder/ => C:\Users\myhg1\.stmcufinder\plugins\mcufinder
2024-04-17 19:04:26,553 [WARN] DbFile:41 - Overriding database path with different value: C:\Users\myhg1\.stmcufinder\plugins\mcufinder/ => C:\Users\myhg1\.stmcufinder\plugins\mcufinder
2024-04-17 19:04:26,553 [INFO] CrossReferenceDbSqlite:203 - Set database path to: C:\Users\myhg1\.stmcufinder\plugins\mcufinder//mcu/cs/
2024-04-17 19:04:26,622 [INFO] MainPanel:264 - HeapMemory: 268435456
2024-04-17 19:04:26,717 [INFO] DbMcusXml:78 - Set database path to: C:\ST\STM32CubeIDE_1.14.1\STM32CubeIDE\plugins\com.st.stm32cube.common.mx_6.10.0.202311202037\\db\/mcu/
2024-04-17 19:04:26,717 [INFO] ApiDb:274 - Set plugin database path to: C:\ST\STM32CubeIDE_1.14.1\STM32CubeIDE\plugins\com.st.stm32cube.common.mx_6.10.0.202311202037\\db\/plugins/boardmanager/
2024-04-17 19:04:26,718 [INFO] ApiDb:261 - Set plugin images path to: C:\ST\STM32CubeIDE_1.14.1\STM32CubeIDE\plugins\com.st.stm32cube.common.mx_6.10.0.202311202037\\db\/plugins/mcufinder/images/
2024-04-17 19:04:26,718 [WARN] DbFile:41 - Overriding database path with different value: C:\Users\myhg1\.stmcufinder\plugins\mcufinder/ => C:\Users\myhg1\.stmcufinder\plugins\mcufinder
2024-04-17 19:04:26,718 [INFO] ApiDb:250 - Set database path to: C:\Users\myhg1\.stmcufinder\plugins\mcufinder//mcu/
2024-04-17 19:04:26,718 [WARN] DbFile:41 - Overriding database path with different value: C:\Users\myhg1\.stmcufinder\plugins\mcufinder/ => C:\Users\myhg1\.stmcufinder\plugins\mcufinder
2024-04-17 19:04:26,718 [INFO] DbMcusAds:125 - Set database path to: C:\Users\myhg1\.stmcufinder\plugins\mcufinder//mcu/
2024-04-17 19:04:26,718 [WARN] DbFile:41 - Overriding database path with different value: C:\Users\myhg1\.stmcufinder\plugins\mcufinder/ => C:\Users\myhg1\.stmcufinder\plugins\mcufinder
2024-04-17 19:04:26,718 [WARN] DbFile:41 - Overriding database path with different value: C:\Users\myhg1\.stmcufinder\plugins\mcufinder/ => C:\Users\myhg1\.stmcufinder\plugins\mcufinder
2024-04-17 19:04:26,718 [INFO] CrossReferenceDbSqlite:203 - Set database path to: C:\Users\myhg1\.stmcufinder\plugins\mcufinder//mcu/cs/
2024-04-17 19:04:26,740 [INFO] ApplicationProperties:184 - Using Application install path: C:\ST\STM32CubeIDE_1.14.1\STM32CubeIDE\plugins\com.st.stm32cube.common.mx_6.10.0.202311202037
2024-04-17 19:04:26,742 [INFO] PluginManage:196 - Search for loadable plugins [exclusion list=, ]
2024-04-17 19:04:26,744 [INFO] PluginManage:310 - Check plugin analytics
2024-04-17 19:04:26,903 [INFO] AnalyticsPlugin:253 - Accepted Software Licenses: 
2024-04-17 19:04:26,904 [INFO] AnalyticsPlugin:255 - Accepted CMSIS Pack Licenses: 
2024-04-17 19:04:26,904 [INFO] AnalyticsPlugin:257 - Accepted Firmware Licenses: FW.F4.1.28.0
2024-04-17 19:04:26,907 [INFO] PluginManage:359 - Loaded plugin analytics (category:tool,tabindex:-1)
2024-04-17 19:04:26,907 [INFO] PluginManage:310 - Check plugin cadmodel
2024-04-17 19:04:26,957 [INFO] CADModel:105 - Init CAD model plugin
2024-04-17 19:04:26,957 [INFO] PluginManage:359 - Loaded plugin cadmodel (category:power,tabindex:5)
2024-04-17 19:04:26,957 [INFO] PluginManage:310 - Check plugin clock
2024-04-17 19:04:26,989 [INFO] PluginManage:359 - Loaded plugin clock (category:base,tabindex:2)
2024-04-17 19:04:26,989 [INFO] PluginManage:310 - Check plugin ddr
2024-04-17 19:04:26,992 [INFO] PluginManage:359 - Loaded plugin ddr (category:tool,tabindex:6)
2024-04-17 19:04:26,993 [INFO] PluginManage:310 - Check plugin filemanager
2024-04-17 19:04:27,113 [INFO] PluginManage:359 - Loaded plugin filemanager (category:base,tabindex:10)
2024-04-17 19:04:27,113 [INFO] PluginManage:310 - Check plugin ipmanager
2024-04-17 19:04:27,121 [INFO] PluginManage:359 - Loaded plugin ipmanager (category:base,tabindex:5)
2024-04-17 19:04:27,121 [INFO] PluginManage:310 - Check plugin lpbam
2024-04-17 19:04:27,139 [INFO] PluginManage:359 - Loaded plugin lpbam (category:base,tabindex:0)
2024-04-17 19:04:27,139 [INFO] PluginManage:310 - Check plugin memorymap
2024-04-17 19:04:27,164 [INFO] PluginManage:359 - Loaded plugin memorymap (category:base,tabindex:4)
2024-04-17 19:04:27,164 [INFO] PluginManage:310 - Check plugin pinoutandconfiguration
2024-04-17 19:04:27,186 [INFO] PluginManage:359 - Loaded plugin pinoutandconfiguration (category:base,tabindex:1)
2024-04-17 19:04:27,186 [INFO] PluginManage:310 - Check plugin pinoutconfig
2024-04-17 19:04:27,288 [WARN] SupportedApi:132 - Cannot load RTOS API schema: s4s-elt-must-match.1: The content of 'definitions' must match (annotation?, (simpleType | complexType)?, (unique | key | keyref)*)). A problem was found starting at: attribute.
2024-04-17 19:04:27,423 [INFO] PluginManage:359 - Loaded plugin pinoutconfig (category:base,tabindex:0)
2024-04-17 19:04:27,423 [INFO] PluginManage:310 - Check plugin power
2024-04-17 19:04:27,466 [INFO] PluginManage:359 - Loaded plugin power (category:power,tabindex:4)
2024-04-17 19:04:27,466 [INFO] PluginManage:310 - Check plugin projectmanager
2024-04-17 19:04:27,482 [INFO] PluginManage:359 - Loaded plugin projectmanager (category:projectmanager,tabindex:3)
2024-04-17 19:04:27,483 [INFO] PluginManage:310 - Check plugin thirdparty
2024-04-17 19:04:27,719 [INFO] PluginManage:359 - Loaded plugin thirdparty (category:base,tabindex:-1)
2024-04-17 19:04:27,719 [WARN] IntegrityCheckThread:84 - waiting for thirdparty lock release [integrity check]
2024-04-17 19:04:27,719 [INFO] PluginManage:310 - Check plugin tools
2024-04-17 19:04:27,719 [INFO] IntegrityCheckThread:86 - entering critical section [integrity check]
2024-04-17 19:04:27,720 [INFO] ThirdPartyUpdaterWithRetryManager:70 - Updater plugin not ready yet. [1/15]
2024-04-17 19:04:27,730 [INFO] PluginManage:359 - Loaded plugin tools (category:base,tabindex:7)
2024-04-17 19:04:27,730 [INFO] PluginManage:310 - Check plugin tutovideos
2024-04-17 19:04:27,926 [INFO] PluginManage:359 - Loaded plugin tutovideos (category:base,tabindex:-1)
2024-04-17 19:04:27,926 [INFO] PluginManage:310 - Check plugin updater
2024-04-17 19:04:27,941 [INFO] PluginManage:359 - Loaded plugin updater (category:base,tabindex:12)
2024-04-17 19:04:27,941 [INFO] PluginManage:310 - Check plugin userauth
2024-04-17 19:04:27,947 [INFO] UserAuth:114 - Init User Auth plugin
2024-04-17 19:04:27,947 [INFO] PluginManage:359 - Loaded plugin userauth (category:base,tabindex:14)
2024-04-17 19:04:27,948 [INFO] PluginManage:283 - PluginManage : Loaded plugins [17]
2024-04-17 19:04:28,196 [INFO] PinOutPanel:1499 - setPackage(No Configuration,No Configuration)
2024-04-17 19:04:28,275 [INFO] CADModel:165 - CPN selected for project level
2024-04-17 19:04:28,275 [INFO] CADModel:114 - Register for checkConnection events
2024-04-17 19:04:28,306 [INFO] IPUIPlugin:80 - create IPUIPlugin
2024-04-17 19:04:28,307 [INFO] PluginManager:220 - loadIPPluginJar : add adc
2024-04-17 19:04:28,320 [INFO] IPUIPlugin:80 - create IPUIPlugin
2024-04-17 19:04:28,321 [INFO] PluginManager:220 - loadIPPluginJar : add aes
2024-04-17 19:04:28,335 [INFO] IPUIPlugin:80 - create IPUIPlugin
2024-04-17 19:04:28,336 [INFO] PluginManager:220 - loadIPPluginJar : add can
2024-04-17 19:04:28,342 [INFO] IPUIPlugin:80 - create IPUIPlugin
2024-04-17 19:04:28,342 [INFO] PluginManager:220 - loadIPPluginJar : add comp
2024-04-17 19:04:28,354 [INFO] IPUIPlugin:80 - create IPUIPlugin
2024-04-17 19:04:28,355 [INFO] PluginManager:220 - loadIPPluginJar : add cryp
2024-04-17 19:04:28,364 [INFO] IPUIPlugin:80 - create IPUIPlugin
2024-04-17 19:04:28,364 [INFO] PluginManager:220 - loadIPPluginJar : add dfsdm
2024-04-17 19:04:28,385 [INFO] IPUIPlugin:80 - create IPUIPlugin
2024-04-17 19:04:28,385 [INFO] PluginManager:220 - loadIPPluginJar : add dma
2024-04-17 19:04:28,394 [INFO] IPUIPlugin:80 - create IPUIPlugin
2024-04-17 19:04:28,394 [INFO] PluginManager:220 - loadIPPluginJar : add dma3
2024-04-17 19:04:28,401 [INFO] IPUIPlugin:80 - create IPUIPlugin
2024-04-17 19:04:28,401 [INFO] PluginManager:220 - loadIPPluginJar : add fatfs
2024-04-17 19:04:28,412 [INFO] IPUIPlugin:80 - create IPUIPlugin
2024-04-17 19:04:28,412 [INFO] PluginManager:220 - loadIPPluginJar : add fmc
2024-04-17 19:04:28,439 [INFO] IPUIPlugin:80 - create IPUIPlugin
2024-04-17 19:04:28,440 [INFO] PluginManager:220 - loadIPPluginJar : add freertos
2024-04-17 19:04:28,445 [INFO] IPUIPlugin:80 - create IPUIPlugin
2024-04-17 19:04:28,445 [INFO] PluginManager:220 - loadIPPluginJar : add genericplugin
2024-04-17 19:04:28,457 [INFO] IPUIPlugin:80 - create IPUIPlugin
2024-04-17 19:04:28,458 [INFO] PluginManager:220 - loadIPPluginJar : add gfxmmu
2024-04-17 19:04:28,481 [INFO] IPUIPlugin:80 - create IPUIPlugin
2024-04-17 19:04:28,481 [INFO] PluginManager:220 - loadIPPluginJar : add gic
2024-04-17 19:04:28,500 [INFO] IPUIPlugin:80 - create IPUIPlugin
2024-04-17 19:04:28,501 [INFO] PluginManager:220 - loadIPPluginJar : add gpio
2024-04-17 19:04:28,518 [INFO] IPUIPlugin:80 - create IPUIPlugin
2024-04-17 19:04:28,519 [INFO] PluginManager:220 - loadIPPluginJar : add gtzc
2024-04-17 19:04:28,530 [INFO] IPUIPlugin:80 - create IPUIPlugin
2024-04-17 19:04:28,531 [INFO] PluginManager:220 - loadIPPluginJar : add hash
2024-04-17 19:04:28,544 [INFO] IPUIPlugin:80 - create IPUIPlugin
2024-04-17 19:04:28,545 [INFO] PluginManager:220 - loadIPPluginJar : add i2c
2024-04-17 19:04:28,561 [INFO] IPUIPlugin:80 - create IPUIPlugin
2024-04-17 19:04:28,561 [INFO] PluginManager:220 - loadIPPluginJar : add i2s
2024-04-17 19:04:28,580 [INFO] IPUIPlugin:80 - create IPUIPlugin
2024-04-17 19:04:28,580 [INFO] PluginManager:220 - loadIPPluginJar : add i3c
2024-04-17 19:04:28,600 [INFO] IPUIPlugin:80 - create IPUIPlugin
2024-04-17 19:04:28,600 [INFO] PluginManager:220 - loadIPPluginJar : add ipddr
2024-04-17 19:04:28,628 [INFO] IPUIPlugin:80 - create IPUIPlugin
2024-04-17 19:04:28,628 [INFO] PluginManager:220 - loadIPPluginJar : add linkedlist
2024-04-17 19:04:28,646 [INFO] IPUIPlugin:80 - create IPUIPlugin
2024-04-17 19:04:28,646 [INFO] PluginManager:220 - loadIPPluginJar : add lorawan
2024-04-17 19:04:28,660 [INFO] IPUIPlugin:80 - create IPUIPlugin
2024-04-17 19:04:28,661 [INFO] PluginManager:220 - loadIPPluginJar : add ltdc
2024-04-17 19:04:28,678 [INFO] IPUIPlugin:80 - create IPUIPlugin
2024-04-17 19:04:28,679 [INFO] PluginManager:220 - loadIPPluginJar : add mdma
2024-04-17 19:04:28,698 [INFO] IPUIPlugin:80 - create IPUIPlugin
2024-04-17 19:04:28,698 [INFO] PluginManager:220 - loadIPPluginJar : add nvic
2024-04-17 19:04:28,711 [INFO] IPUIPlugin:80 - create IPUIPlugin
2024-04-17 19:04:28,711 [INFO] PluginManager:220 - loadIPPluginJar : add opamp
2024-04-17 19:04:28,727 [INFO] IPUIPlugin:80 - create IPUIPlugin
2024-04-17 19:04:28,727 [INFO] PluginManager:220 - loadIPPluginJar : add openamp
2024-04-17 19:04:28,742 [INFO] IPUIPlugin:80 - create IPUIPlugin
2024-04-17 19:04:28,742 [INFO] PluginManager:220 - loadIPPluginJar : add pdm2pcm
2024-04-17 19:04:28,765 [INFO] IPUIPlugin:80 - create IPUIPlugin
2024-04-17 19:04:28,766 [INFO] PluginManager:220 - loadIPPluginJar : add plateformsettings
2024-04-17 19:04:28,773 [INFO] IPUIPlugin:80 - create IPUIPlugin
2024-04-17 19:04:28,773 [INFO] PluginManager:220 - loadIPPluginJar : add quadspi
2024-04-17 19:04:28,792 [INFO] IPUIPlugin:80 - create IPUIPlugin
2024-04-17 19:04:28,793 [INFO] PluginManager:220 - loadIPPluginJar : add resmgrutility
2024-04-17 19:04:28,813 [INFO] IPUIPlugin:80 - create IPUIPlugin
2024-04-17 19:04:28,813 [INFO] PluginManager:220 - loadIPPluginJar : add sai
2024-04-17 19:04:28,826 [INFO] IPUIPlugin:80 - create IPUIPlugin
2024-04-17 19:04:28,826 [INFO] PluginManager:220 - loadIPPluginJar : add spi
2024-04-17 19:04:28,851 [INFO] IPUIPlugin:80 - create IPUIPlugin
2024-04-17 19:04:28,852 [INFO] PluginManager:220 - loadIPPluginJar : add stm32_wpan
2024-04-17 19:04:28,860 [INFO] IPUIPlugin:80 - create IPUIPlugin
2024-04-17 19:04:28,860 [INFO] PluginManager:220 - loadIPPluginJar : add tim
2024-04-17 19:04:28,880 [INFO] IPUIPlugin:80 - create IPUIPlugin
2024-04-17 19:04:28,880 [INFO] PluginManager:220 - loadIPPluginJar : add touchsensing
2024-04-17 19:04:28,891 [INFO] IPUIPlugin:80 - create IPUIPlugin
2024-04-17 19:04:28,891 [INFO] PluginManager:220 - loadIPPluginJar : add tracer_emb
2024-04-17 19:04:28,900 [INFO] IPUIPlugin:80 - create IPUIPlugin
2024-04-17 19:04:28,900 [INFO] PluginManager:220 - loadIPPluginJar : add ts
2024-04-17 19:04:28,909 [INFO] IPUIPlugin:80 - create IPUIPlugin
2024-04-17 19:04:28,909 [INFO] PluginManager:220 - loadIPPluginJar : add tsc
2024-04-17 19:04:28,917 [INFO] IPUIPlugin:80 - create IPUIPlugin
2024-04-17 19:04:28,918 [INFO] PluginManager:220 - loadIPPluginJar : add ucpd
2024-04-17 19:04:28,936 [INFO] IPUIPlugin:80 - create IPUIPlugin
2024-04-17 19:04:28,936 [INFO] PluginManager:220 - loadIPPluginJar : add usart
2024-04-17 19:04:28,955 [INFO] IPUIPlugin:80 - create IPUIPlugin
2024-04-17 19:04:28,955 [INFO] PluginManager:220 - loadIPPluginJar : add usbx
2024-04-17 19:04:29,077 [INFO] CADModel:165 - CPN selected for project level
2024-04-17 19:04:29,077 [INFO] CADModel:114 - Register for checkConnection events
2024-04-17 19:04:29,078 [FATAL] Updater:308 - Updater called before beeing initialized
2024-04-17 19:04:29,078 [ERROR] CADModel:125 - Updater not yet initialized, retry later 
2024-04-17 19:04:29,211 [INFO] CADModel:165 - CPN selected for project level
2024-04-17 19:04:29,211 [INFO] CADModel:114 - Register for checkConnection events
2024-04-17 19:04:29,211 [FATAL] Updater:308 - Updater called before beeing initialized
2024-04-17 19:04:29,211 [ERROR] CADModel:125 - Updater not yet initialized, retry later 
2024-04-17 19:04:29,215 [FATAL] Updater:308 - Updater called before beeing initialized
2024-04-17 19:04:29,324 [FATAL] Updater:308 - Updater called before beeing initialized
2024-04-17 19:04:29,330 [INFO] DbMcusAds:53 - JSON generation date=Wed Nov 29 19:52:27 KST 2023 (1701255147349)
2024-04-17 19:04:29,330 [FATAL] Updater:308 - Updater called before beeing initialized
2024-04-17 19:04:29,369 [WARN] DetailPanel:346 - Failed to get advertising image, set to default
2024-04-17 19:04:29,449 [FATAL] Updater:308 - Updater called before beeing initialized
2024-04-17 19:04:29,451 [FATAL] Updater:308 - Updater called before beeing initialized
2024-04-17 19:04:29,451 [FATAL] Updater:308 - Updater called before beeing initialized
2024-04-17 19:04:29,451 [WARN] DetailPanel:346 - Failed to get advertising image, set to default
2024-04-17 19:04:29,452 [FATAL] Updater:308 - Updater called before beeing initialized
2024-04-17 19:04:29,506 [ERROR] Updater:1120 - MainUpdater not yet initialized. External WinMGr cannot be set.
2024-04-17 19:04:29,512 [INFO] Updater:1056 - Updater Version found : 6.10.0
2024-04-17 19:04:29,536 [INFO] ApplicationProperties:184 - Using Application install path: C:\ST\STM32CubeIDE_1.14.1\STM32CubeIDE\plugins\com.st.stm32cube.common.mx_6.10.0.202311202037
2024-04-17 19:04:30,720 [INFO] ThirdPartyUpdaterWithRetryManager:70 - Updater plugin not ready yet. [2/15]
2024-04-17 19:04:31,113 [ERROR] LogOutputStream:75 - [STDERR_REDIRECT] Apr 17, 2024 7:04:31 PM java.util.prefs.WindowsPreferences <init>
2024-04-17 19:04:31,116 [ERROR] LogOutputStream:75 - [STDERR_REDIRECT] WARNING: Could not open/create prefs root node Software\JavaSoft\Prefs at root 0xffffffff80000002. Windows RegCreateKeyEx(...) returned error code 5.
2024-04-17 19:04:31,117 [ERROR] LogOutputStream:75 - [STDERR_REDIRECT] 
2024-04-17 19:04:31,524 [INFO] MainUpdater:2873 - connection check result : 10
2024-04-17 19:04:31,525 [INFO] MainUpdater:290 - Updater Check For Update Now.
2024-04-17 19:04:31,525 [INFO] MicroXplorer:498 - Change Database Version : DB.6.0.100
2024-04-17 19:04:31,535 [INFO] McuFinderGlobals:63 - Set McuFinder mode to 2 (CubeIDE integrated)
2024-04-17 19:04:31,714 [INFO] CheckServerUpdateThread:120 - End of CheckServer Thread
2024-04-17 19:04:31,861 [INFO] UserAuth:404 - Internet connection configuration mode: 1
2024-04-17 19:04:31,882 [INFO] JxBrowserEngine:152 - Initiate JxBrowser Engine with user profile folder
2024-04-17 19:04:34,081 [WARN] PackLoader:240 - Cannot read IP mode file for STMicroelectronics.FP-SNS-MOTENVWB1.1.4.0
2024-04-17 19:04:34,086 [INFO] WebApp:161 - Instantiating new browser for Auth
2024-04-17 19:04:34,097 [WARN] PackLoader:240 - Cannot read IP mode file for STMicroelectronics.X-CUBE-SMBUS.2.1.0
2024-04-17 19:04:34,107 [WARN] PackLoader:240 - Cannot read IP mode file for STMicroelectronics.X-CUBE-TOUCHGFX.4.23.1
2024-04-17 19:04:34,118 [WARN] PackLoader:240 - Cannot read IP mode file for STMicroelectronics.X-CUBE-TOUCHGFX.4.23.0
2024-04-17 19:04:34,132 [WARN] PackLoader:240 - Cannot read IP mode file for STMicroelectronics.X-CUBE-TOUCHGFX.4.23.2
2024-04-17 19:04:34,166 [WARN] PackLoader:240 - Cannot read IP mode file for STMicroelectronics.X-CUBE-AZRTOS-F7.1.1.0
2024-04-17 19:04:34,177 [WARN] PackLoader:240 - Cannot read IP mode file for STMicroelectronics.FP-SNS-MOTENV1.4.3.2
2024-04-17 19:04:34,186 [WARN] PackLoader:240 - Cannot read IP mode file for STMicroelectronics.FP-SNS-FLIGHT1.5.0.2
2024-04-17 19:04:34,196 [WARN] PackLoader:240 - Cannot read IP mode file for STMicroelectronics.X-CUBE-DISPLAY.3.0.0
2024-04-17 19:04:34,219 [WARN] PackLoader:240 - Cannot read IP mode file for STMicroelectronics.X-CUBE-BLE1.7.0.0
2024-04-17 19:04:34,228 [WARN] PackLoader:240 - Cannot read IP mode file for emotas.I-CUBE-CANOPEN.1.3.0
2024-04-17 19:04:34,241 [WARN] PackLoader:240 - Cannot read IP mode file for STMicroelectronics.X-CUBE-BLEMGR.3.1.0
2024-04-17 19:04:34,254 [WARN] PackLoader:240 - Cannot read IP mode file for STMicroelectronics.FP-SNS-SMARTAG2.1.2.0
2024-04-17 19:04:34,269 [INFO] LogOutputStream:77 - [STDOUT_REDIRECT] 1 : Invalid condition id : UX_CORESTACK_Condition cause : null
2024-04-17 19:04:34,270 [INFO] LogOutputStream:77 - [STDOUT_REDIRECT] 1 : Invalid condition id : UX_CORESTACK_Condition cause : null
2024-04-17 19:04:34,271 [INFO] LogOutputStream:77 - [STDOUT_REDIRECT] 1 : Invalid condition id : UX_CORESTACK_Condition cause : null
2024-04-17 19:04:34,272 [INFO] LogOutputStream:77 - [STDOUT_REDIRECT] 1 : Invalid condition id : UX_CORESTACK_Condition cause : null
2024-04-17 19:04:34,272 [INFO] LogOutputStream:77 - [STDOUT_REDIRECT] 1 : Invalid condition id : UX_CORESTACK_Condition cause : null
2024-04-17 19:04:34,275 [WARN] PackLoader:240 - Cannot read IP mode file for STMicroelectronics.X-CUBE-AZRTOS-WL.2.0.0
2024-04-17 19:04:34,283 [WARN] PackLoader:240 - Cannot read IP mode file for STMicroelectronics.FP-SNS-MOTENV1.5.0.0
2024-04-17 19:04:34,299 [WARN] PackLoader:240 - Cannot read IP mode file for WES.I-CUBE-Cesium.1.3.0
2024-04-17 19:04:34,317 [WARN] PackLoader:240 - Cannot read IP mode file for STMicroelectronics.X-CUBE-BLE2.3.3.0
2024-04-17 19:04:34,325 [WARN] PackLoader:240 - Cannot read IP mode file for STMicroelectronics.X-CUBE-TCPP.4.1.0
2024-04-17 19:04:34,346 [WARN] PackLoader:240 - Cannot read IP mode file for STMicroelectronics.X-CUBE-ALGOBUILD.1.3.0
2024-04-17 19:04:34,364 [WARN] PackLoader:240 - Cannot read IP mode file for STMicroelectronics.X-CUBE-AZRTOS-G0.1.1.0
2024-04-17 19:04:34,390 [WARN] PackLoader:240 - Cannot read IP mode file for STMicroelectronics.X-CUBE-SAFEA1.1.2.2
2024-04-17 19:04:34,408 [WARN] PackLoader:240 - Cannot read IP mode file for STMicroelectronics.X-CUBE-NFC4.3.0.0
2024-04-17 19:04:34,418 [WARN] PackLoader:240 - Cannot read IP mode file for STMicroelectronics.FP-ATR-SIGFOX1.3.2.0
2024-04-17 19:04:34,453 [WARN] PackLoader:240 - Cannot read IP mode file for STMicroelectronics.X-CUBE-EEPRMA1.5.1.0
2024-04-17 19:04:34,797 [WARN] PackLoader:240 - Cannot read IP mode file for SEGGER.I-CUBE-embOS.1.3.1
2024-04-17 19:04:34,946 [WARN] PackLoader:240 - Cannot read IP mode file for STMicroelectronics.X-CUBE-GNSS1.6.0.0
2024-04-17 19:04:34,977 [WARN] PackLoader:240 - Cannot read IP mode file for STMicroelectronics.X-CUBE-AZRTOS-F4.1.1.0
2024-04-17 19:04:34,993 [WARN] PackLoader:240 - Cannot read IP mode file for wolfSSL.I-CUBE-wolfSSL.5.6.6
2024-04-17 19:04:35,023 [WARN] PackLoader:240 - Cannot read IP mode file for STMicroelectronics.X-CUBE-AZRTOS-L5.2.0.0
2024-04-17 19:04:35,054 [WARN] PackLoader:240 - Cannot read IP mode file for STMicroelectronics.X-CUBE-NFC6.3.1.0
2024-04-17 19:04:35,067 [WARN] PackLoader:240 - Cannot read IP mode file for ITTIA_DB.I-CUBE-ITTIADB.8.8.0
2024-04-17 19:04:35,081 [WARN] PackLoader:240 - Cannot read IP mode file for STMicroelectronics.X-CUBE-AI.9.0.0
2024-04-17 19:04:35,102 [WARN] PackLoader:240 - Cannot read IP mode file for STMicroelectronics.X-CUBE-NFC7.1.0.1
2024-04-17 19:04:35,125 [WARN] PackLoader:240 - Cannot read IP mode file for STMicroelectronics.X-CUBE-NFC6.3.0.0
2024-04-17 19:04:35,142 [WARN] PackLoader:240 - Cannot read IP mode file for STMicroelectronics.X-CUBE-AI.8.1.0
2024-04-17 19:04:35,165 [WARN] ConditionMgr:438 - getConditionDescription Invalid condition id : LAN8742 Phy interface Condition cause : null
2024-04-17 19:04:35,165 [WARN] PackLoader:240 - Cannot read IP mode file for STMicroelectronics.X-CUBE-AZRTOS-L4.2.0.0
2024-04-17 19:04:35,168 [WARN] ConditionMgr:1039 - genDependencies : Invalid condition id : LAN8742 Phy interface Condition cause : null
2024-04-17 19:04:35,168 [WARN] ConditionMgr:1039 - genDependencies : Invalid condition id : LAN8742 Phy interface Condition cause : null
2024-04-17 19:04:35,169 [WARN] ConditionMgr:1039 - genDependencies : Invalid condition id : LAN8742 Phy interface Condition cause : null
2024-04-17 19:04:35,189 [WARN] PackLoader:240 - Cannot read IP mode file for STMicroelectronics.X-CUBE-SFXS2LP1.4.0.0
2024-04-17 19:04:35,206 [WARN] ConditionMgr:438 - getConditionDescription Invalid condition id : UX DEVICE CLASS RTOS Condition cause : null
2024-04-17 19:04:35,206 [WARN] ConditionMgr:438 - getConditionDescription Invalid condition id : UX DEVICE CLASS RTOS Condition cause : null
2024-04-17 19:04:35,209 [WARN] PackLoader:240 - Cannot read IP mode file for STMicroelectronics.X-CUBE-AZRTOS-WB.2.0.0
2024-04-17 19:04:35,210 [WARN] ConditionMgr:1039 - genDependencies : Invalid condition id : UX DEVICE CLASS RTOS Condition cause : null
2024-04-17 19:04:35,210 [WARN] ConditionMgr:1039 - genDependencies : Invalid condition id : UX DEVICE CLASS RTOS Condition cause : null
2024-04-17 19:04:35,210 [WARN] ConditionMgr:1039 - genDependencies : Invalid condition id : UX DEVICE CLASS RTOS Condition cause : null
2024-04-17 19:04:35,210 [WARN] ConditionMgr:1039 - genDependencies : Invalid condition id : UX DEVICE CLASS RTOS Condition cause : null
2024-04-17 19:04:35,210 [WARN] ConditionMgr:1039 - genDependencies : Invalid condition id : UX DEVICE CLASS RTOS Condition cause : null
2024-04-17 19:04:35,226 [WARN] PackLoader:240 - Cannot read IP mode file for STMicroelectronics.X-CUBE-SUBG2.5.0.0
2024-04-17 19:04:35,255 [WARN] PackLoader:240 - Cannot read IP mode file for STMicroelectronics.X-CUBE-AZRTOS-G4.2.0.0
2024-04-17 19:04:35,274 [WARN] PackLoader:240 - Cannot read IP mode file for Infineon.AIROC-Wi-Fi-Bluetooth-STM32.1.5.1
2024-04-17 19:04:35,284 [WARN] PackLoader:240 - Cannot read IP mode file for STMicroelectronics.FP-SNS-MOTENVWB1.1.3.1
2024-04-17 19:04:35,297 [WARN] PackLoader:240 - Cannot read IP mode file for STMicroelectronics.X-CUBE-ISPU.2.0.0
2024-04-17 19:04:35,367 [INFO] WebApp:780 - Register for checkConnection events
2024-04-17 19:04:35,368 [INFO] WebApp:414 - Apply proxy settings
2024-04-17 19:04:35,369 [INFO] WebApp:499 - Chromium requires no authentication
2024-04-17 19:04:35,381 [INFO] WebApp:442 - Direct internet connection detected
2024-04-17 19:04:35,434 [WARN] PackLoader:240 - Cannot read IP mode file for STMicroelectronics.X-CUBE-MEMS1.10.0.0
2024-04-17 19:04:35,580 [WARN] PackLoader:240 - Cannot read IP mode file for STMicroelectronics.X-CUBE-FREERTOS.1.1.0
2024-04-17 19:04:35,598 [WARN] PackLoader:240 - Cannot read IP mode file for portGmbH.I-Cube-SoM-uGOAL.1.1.0
2024-04-17 19:04:35,609 [WARN] PackLoader:240 - Cannot read IP mode file for STMicroelectronics.X-CUBE-ALS.1.0.1
2024-04-17 19:04:35,649 [WARN] PackLoader:240 - Cannot read IP mode file for STMicroelectronics.X-CUBE-AZRTOS-H7RS.1.0.0
2024-04-17 19:04:35,660 [WARN] PackLoader:240 - Cannot read IP mode file for STMicroelectronics.FP-ATR-ASTRA1.2.0.0
2024-04-17 19:04:35,674 [WARN] PackLoader:240 - Cannot read IP mode file for STMicroelectronics.X-CUBE-TOF1.3.4.1
2024-04-17 19:04:35,713 [WARN] PackLoader:240 - Cannot read IP mode file for STMicroelectronics.X-CUBE-AZRTOS-H7.3.2.0
2024-04-17 19:04:35,759 [INFO] ThirdParty:978 - Integrity check success = true
2024-04-17 19:04:35,759 [INFO] IntegrityCheckThread:100 - exiting critical section [integrity check]
2024-04-17 19:04:35,759 [INFO] IntegrityCheckThread:103 - End integrity checks thread
2024-04-17 19:04:36,022 [INFO] WebApp:192 - Starting web application
2024-04-17 19:04:36,022 [INFO] WebApp:544 - Web application path used C:\ST\STM32CubeIDE_1.14.1\STM32CubeIDE\plugins\com.st.stm32cube.common.mx_6.10.0.202311202037\db\plugins\mcufinder\reactClient1\index.html
2024-04-17 19:04:57,500 [ERROR] LogOutputStream:75 - [STDERR_REDIRECT] SLF4J: Failed to load class "org.slf4j.impl.StaticLoggerBinder".
2024-04-17 19:04:57,504 [ERROR] LogOutputStream:75 - [STDERR_REDIRECT] SLF4J: Defaulting to no-operation (NOP) logger implementation
2024-04-17 19:04:57,504 [ERROR] LogOutputStream:75 - [STDERR_REDIRECT] SLF4J: See http://www.slf4j.org/codes.html#StaticLoggerBinder for further details.
2024-04-17 19:15:15,707 [ERROR] LogOutputStream:75 - [STDERR_REDIRECT] 
2024-04-17 19:15:15,709 [ERROR] LogOutputStream:75 - [STDERR_REDIRECT] 
2024-04-17 20:50:15,797 [INFO] Activator:176 - 


2024-04-17 20:50:15,799 [INFO] Activator:177 - !SESSION log4j initialized
2024-04-17 20:50:20,832 [INFO] LogOutputStream:77 - [STDOUT_REDIRECT] 
2024-04-17 20:50:24,125 [INFO] ApplicationProperties:184 - Using Application install path: C:\ST\STM32CubeIDE_1.14.1\STM32CubeIDE\plugins\com.st.stm32cube.common.mx_6.10.0.202311202037
2024-04-17 20:50:24,142 [INFO] DbMcusXml:78 - Set database path to: C:\ST\STM32CubeIDE_1.14.1\STM32CubeIDE\plugins\com.st.stm32cube.common.mx_6.10.0.202311202037\\db\/mcu/
2024-04-17 20:50:24,142 [INFO] ApiDb:274 - Set plugin database path to: C:\ST\STM32CubeIDE_1.14.1\STM32CubeIDE\plugins\com.st.stm32cube.common.mx_6.10.0.202311202037\\db\/plugins/boardmanager/
2024-04-17 20:50:24,143 [WARN] ApiDb:259 - Overriding images path with different value:  => C:\ST\STM32CubeIDE_1.14.1\STM32CubeIDE\plugins\com.st.stm32cube.common.mx_6.10.0.202311202037\\db\/plugins/mcufinder/images/
2024-04-17 20:50:24,155 [INFO] ApiDb:250 - Set database path to: C:\Users\myhg1\.stmcufinder\plugins\mcufinder//mcu/
2024-04-17 20:50:24,156 [INFO] DbMcusAds:125 - Set database path to: C:\Users\myhg1\.stmcufinder\plugins\mcufinder//mcu/
2024-04-17 20:50:24,157 [INFO] CrossReferenceDbSqlite:203 - Set database path to: C:\Users\myhg1\.stmcufinder\plugins\mcufinder//mcu/cs/
2024-04-17 20:50:24,251 [INFO] RulesReader:64 - Compatibility file has been processed (297 Rules)
2024-04-17 20:50:24,336 [INFO] DbMcusXml:78 - Set database path to: C:\ST\STM32CubeIDE_1.14.1\STM32CubeIDE\plugins\com.st.stm32cube.common.mx_6.10.0.202311202037\\db\/mcu/
2024-04-17 20:50:24,336 [INFO] ApiDb:274 - Set plugin database path to: C:\ST\STM32CubeIDE_1.14.1\STM32CubeIDE\plugins\com.st.stm32cube.common.mx_6.10.0.202311202037\\db\/plugins/boardmanager/
2024-04-17 20:50:24,336 [INFO] ApiDb:261 - Set plugin images path to: C:\ST\STM32CubeIDE_1.14.1\STM32CubeIDE\plugins\com.st.stm32cube.common.mx_6.10.0.202311202037\\db\/plugins/mcufinder/images/
2024-04-17 20:50:24,336 [WARN] DbFile:41 - Overriding database path with different value: C:\Users\myhg1\.stmcufinder\plugins\mcufinder/ => C:\Users\myhg1\.stmcufinder\plugins\mcufinder
2024-04-17 20:50:24,336 [INFO] ApiDb:250 - Set database path to: C:\Users\myhg1\.stmcufinder\plugins\mcufinder//mcu/
2024-04-17 20:50:24,336 [WARN] DbFile:41 - Overriding database path with different value: C:\Users\myhg1\.stmcufinder\plugins\mcufinder/ => C:\Users\myhg1\.stmcufinder\plugins\mcufinder
2024-04-17 20:50:24,336 [INFO] DbMcusAds:125 - Set database path to: C:\Users\myhg1\.stmcufinder\plugins\mcufinder//mcu/
2024-04-17 20:50:24,336 [WARN] DbFile:41 - Overriding database path with different value: C:\Users\myhg1\.stmcufinder\plugins\mcufinder/ => C:\Users\myhg1\.stmcufinder\plugins\mcufinder
2024-04-17 20:50:24,336 [WARN] DbFile:41 - Overriding database path with different value: C:\Users\myhg1\.stmcufinder\plugins\mcufinder/ => C:\Users\myhg1\.stmcufinder\plugins\mcufinder
2024-04-17 20:50:24,337 [INFO] CrossReferenceDbSqlite:203 - Set database path to: C:\Users\myhg1\.stmcufinder\plugins\mcufinder//mcu/cs/
2024-04-17 20:50:24,411 [INFO] MainPanel:264 - HeapMemory: 268435456
2024-04-17 20:50:24,494 [INFO] DbMcusXml:78 - Set database path to: C:\ST\STM32CubeIDE_1.14.1\STM32CubeIDE\plugins\com.st.stm32cube.common.mx_6.10.0.202311202037\\db\/mcu/
2024-04-17 20:50:24,494 [INFO] ApiDb:274 - Set plugin database path to: C:\ST\STM32CubeIDE_1.14.1\STM32CubeIDE\plugins\com.st.stm32cube.common.mx_6.10.0.202311202037\\db\/plugins/boardmanager/
2024-04-17 20:50:24,495 [INFO] ApiDb:261 - Set plugin images path to: C:\ST\STM32CubeIDE_1.14.1\STM32CubeIDE\plugins\com.st.stm32cube.common.mx_6.10.0.202311202037\\db\/plugins/mcufinder/images/
2024-04-17 20:50:24,495 [WARN] DbFile:41 - Overriding database path with different value: C:\Users\myhg1\.stmcufinder\plugins\mcufinder/ => C:\Users\myhg1\.stmcufinder\plugins\mcufinder
2024-04-17 20:50:24,495 [INFO] ApiDb:250 - Set database path to: C:\Users\myhg1\.stmcufinder\plugins\mcufinder//mcu/
2024-04-17 20:50:24,495 [WARN] DbFile:41 - Overriding database path with different value: C:\Users\myhg1\.stmcufinder\plugins\mcufinder/ => C:\Users\myhg1\.stmcufinder\plugins\mcufinder
2024-04-17 20:50:24,495 [INFO] DbMcusAds:125 - Set database path to: C:\Users\myhg1\.stmcufinder\plugins\mcufinder//mcu/
2024-04-17 20:50:24,495 [WARN] DbFile:41 - Overriding database path with different value: C:\Users\myhg1\.stmcufinder\plugins\mcufinder/ => C:\Users\myhg1\.stmcufinder\plugins\mcufinder
2024-04-17 20:50:24,495 [WARN] DbFile:41 - Overriding database path with different value: C:\Users\myhg1\.stmcufinder\plugins\mcufinder/ => C:\Users\myhg1\.stmcufinder\plugins\mcufinder
2024-04-17 20:50:24,495 [INFO] CrossReferenceDbSqlite:203 - Set database path to: C:\Users\myhg1\.stmcufinder\plugins\mcufinder//mcu/cs/
2024-04-17 20:50:24,514 [INFO] ApplicationProperties:184 - Using Application install path: C:\ST\STM32CubeIDE_1.14.1\STM32CubeIDE\plugins\com.st.stm32cube.common.mx_6.10.0.202311202037
2024-04-17 20:50:24,516 [INFO] PluginManage:196 - Search for loadable plugins [exclusion list=, ]
2024-04-17 20:50:24,517 [INFO] PluginManage:310 - Check plugin analytics
2024-04-17 20:50:24,665 [INFO] AnalyticsPlugin:253 - Accepted Software Licenses: 
2024-04-17 20:50:24,665 [INFO] AnalyticsPlugin:255 - Accepted CMSIS Pack Licenses: 
2024-04-17 20:50:24,666 [INFO] AnalyticsPlugin:257 - Accepted Firmware Licenses: FW.F4.1.28.0
2024-04-17 20:50:24,669 [INFO] PluginManage:359 - Loaded plugin analytics (category:tool,tabindex:-1)
2024-04-17 20:50:24,669 [INFO] PluginManage:310 - Check plugin cadmodel
2024-04-17 20:50:24,676 [INFO] CADModel:105 - Init CAD model plugin
2024-04-17 20:50:24,676 [INFO] PluginManage:359 - Loaded plugin cadmodel (category:power,tabindex:5)
2024-04-17 20:50:24,676 [INFO] PluginManage:310 - Check plugin clock
2024-04-17 20:50:24,688 [INFO] PluginManage:359 - Loaded plugin clock (category:base,tabindex:2)
2024-04-17 20:50:24,688 [INFO] PluginManage:310 - Check plugin ddr
2024-04-17 20:50:24,691 [INFO] PluginManage:359 - Loaded plugin ddr (category:tool,tabindex:6)
2024-04-17 20:50:24,691 [INFO] PluginManage:310 - Check plugin filemanager
2024-04-17 20:50:24,834 [INFO] PluginManage:359 - Loaded plugin filemanager (category:base,tabindex:10)
2024-04-17 20:50:24,834 [INFO] PluginManage:310 - Check plugin ipmanager
2024-04-17 20:50:24,843 [INFO] PluginManage:359 - Loaded plugin ipmanager (category:base,tabindex:5)
2024-04-17 20:50:24,843 [INFO] PluginManage:310 - Check plugin lpbam
2024-04-17 20:50:24,853 [INFO] PluginManage:359 - Loaded plugin lpbam (category:base,tabindex:0)
2024-04-17 20:50:24,853 [INFO] PluginManage:310 - Check plugin memorymap
2024-04-17 20:50:24,868 [INFO] PluginManage:359 - Loaded plugin memorymap (category:base,tabindex:4)
2024-04-17 20:50:24,868 [INFO] PluginManage:310 - Check plugin pinoutandconfiguration
2024-04-17 20:50:24,877 [INFO] PluginManage:359 - Loaded plugin pinoutandconfiguration (category:base,tabindex:1)
2024-04-17 20:50:24,877 [INFO] PluginManage:310 - Check plugin pinoutconfig
2024-04-17 20:50:24,965 [WARN] SupportedApi:132 - Cannot load RTOS API schema: s4s-elt-must-match.1: The content of 'definitions' must match (annotation?, (simpleType | complexType)?, (unique | key | keyref)*)). A problem was found starting at: attribute.
2024-04-17 20:50:25,104 [INFO] PluginManage:359 - Loaded plugin pinoutconfig (category:base,tabindex:0)
2024-04-17 20:50:25,104 [INFO] PluginManage:310 - Check plugin power
2024-04-17 20:50:25,115 [INFO] PluginManage:359 - Loaded plugin power (category:power,tabindex:4)
2024-04-17 20:50:25,115 [INFO] PluginManage:310 - Check plugin projectmanager
2024-04-17 20:50:25,130 [INFO] PluginManage:359 - Loaded plugin projectmanager (category:projectmanager,tabindex:3)
2024-04-17 20:50:25,131 [INFO] PluginManage:310 - Check plugin thirdparty
2024-04-17 20:50:25,246 [INFO] PluginManage:359 - Loaded plugin thirdparty (category:base,tabindex:-1)
2024-04-17 20:50:25,246 [INFO] PluginManage:310 - Check plugin tools
2024-04-17 20:50:25,246 [WARN] IntegrityCheckThread:84 - waiting for thirdparty lock release [integrity check]
2024-04-17 20:50:25,246 [INFO] IntegrityCheckThread:86 - entering critical section [integrity check]
2024-04-17 20:50:25,247 [INFO] ThirdPartyUpdaterWithRetryManager:70 - Updater plugin not ready yet. [1/15]
2024-04-17 20:50:25,249 [INFO] PluginManage:359 - Loaded plugin tools (category:base,tabindex:7)
2024-04-17 20:50:25,250 [INFO] PluginManage:310 - Check plugin tutovideos
2024-04-17 20:50:25,442 [INFO] PluginManage:359 - Loaded plugin tutovideos (category:base,tabindex:-1)
2024-04-17 20:50:25,442 [INFO] PluginManage:310 - Check plugin updater
2024-04-17 20:50:25,454 [INFO] PluginManage:359 - Loaded plugin updater (category:base,tabindex:12)
2024-04-17 20:50:25,455 [INFO] PluginManage:310 - Check plugin userauth
2024-04-17 20:50:25,461 [INFO] UserAuth:114 - Init User Auth plugin
2024-04-17 20:50:25,461 [INFO] PluginManage:359 - Loaded plugin userauth (category:base,tabindex:14)
2024-04-17 20:50:25,462 [INFO] PluginManage:283 - PluginManage : Loaded plugins [17]
2024-04-17 20:50:25,669 [INFO] PinOutPanel:1499 - setPackage(No Configuration,No Configuration)
2024-04-17 20:50:25,743 [INFO] CADModel:165 - CPN selected for project level
2024-04-17 20:50:25,745 [INFO] CADModel:114 - Register for checkConnection events
2024-04-17 20:50:25,762 [INFO] IPUIPlugin:80 - create IPUIPlugin
2024-04-17 20:50:25,763 [INFO] PluginManager:220 - loadIPPluginJar : add adc
2024-04-17 20:50:25,765 [INFO] IPUIPlugin:80 - create IPUIPlugin
2024-04-17 20:50:25,765 [INFO] PluginManager:220 - loadIPPluginJar : add aes
2024-04-17 20:50:25,769 [INFO] IPUIPlugin:80 - create IPUIPlugin
2024-04-17 20:50:25,769 [INFO] PluginManager:220 - loadIPPluginJar : add can
2024-04-17 20:50:25,772 [INFO] IPUIPlugin:80 - create IPUIPlugin
2024-04-17 20:50:25,772 [INFO] PluginManager:220 - loadIPPluginJar : add comp
2024-04-17 20:50:25,775 [INFO] IPUIPlugin:80 - create IPUIPlugin
2024-04-17 20:50:25,775 [INFO] PluginManager:220 - loadIPPluginJar : add cryp
2024-04-17 20:50:25,778 [INFO] IPUIPlugin:80 - create IPUIPlugin
2024-04-17 20:50:25,778 [INFO] PluginManager:220 - loadIPPluginJar : add dfsdm
2024-04-17 20:50:25,786 [INFO] IPUIPlugin:80 - create IPUIPlugin
2024-04-17 20:50:25,786 [INFO] PluginManager:220 - loadIPPluginJar : add dma
2024-04-17 20:50:25,790 [INFO] IPUIPlugin:80 - create IPUIPlugin
2024-04-17 20:50:25,790 [INFO] PluginManager:220 - loadIPPluginJar : add dma3
2024-04-17 20:50:25,792 [INFO] IPUIPlugin:80 - create IPUIPlugin
2024-04-17 20:50:25,792 [INFO] PluginManager:220 - loadIPPluginJar : add fatfs
2024-04-17 20:50:25,796 [INFO] IPUIPlugin:80 - create IPUIPlugin
2024-04-17 20:50:25,797 [INFO] PluginManager:220 - loadIPPluginJar : add fmc
2024-04-17 20:50:25,806 [INFO] IPUIPlugin:80 - create IPUIPlugin
2024-04-17 20:50:25,806 [INFO] PluginManager:220 - loadIPPluginJar : add freertos
2024-04-17 20:50:25,808 [INFO] IPUIPlugin:80 - create IPUIPlugin
2024-04-17 20:50:25,808 [INFO] PluginManager:220 - loadIPPluginJar : add genericplugin
2024-04-17 20:50:25,811 [INFO] IPUIPlugin:80 - create IPUIPlugin
2024-04-17 20:50:25,812 [INFO] PluginManager:220 - loadIPPluginJar : add gfxmmu
2024-04-17 20:50:25,818 [INFO] IPUIPlugin:80 - create IPUIPlugin
2024-04-17 20:50:25,818 [INFO] PluginManager:220 - loadIPPluginJar : add gic
2024-04-17 20:50:25,822 [INFO] IPUIPlugin:80 - create IPUIPlugin
2024-04-17 20:50:25,823 [INFO] PluginManager:220 - loadIPPluginJar : add gpio
2024-04-17 20:50:25,826 [INFO] IPUIPlugin:80 - create IPUIPlugin
2024-04-17 20:50:25,826 [INFO] PluginManager:220 - loadIPPluginJar : add gtzc
2024-04-17 20:50:25,829 [INFO] IPUIPlugin:80 - create IPUIPlugin
2024-04-17 20:50:25,829 [INFO] PluginManager:220 - loadIPPluginJar : add hash
2024-04-17 20:50:25,833 [INFO] IPUIPlugin:80 - create IPUIPlugin
2024-04-17 20:50:25,833 [INFO] PluginManager:220 - loadIPPluginJar : add i2c
2024-04-17 20:50:25,836 [INFO] IPUIPlugin:80 - create IPUIPlugin
2024-04-17 20:50:25,836 [INFO] PluginManager:220 - loadIPPluginJar : add i2s
2024-04-17 20:50:25,838 [INFO] IPUIPlugin:80 - create IPUIPlugin
2024-04-17 20:50:25,839 [INFO] PluginManager:220 - loadIPPluginJar : add i3c
2024-04-17 20:50:25,843 [INFO] IPUIPlugin:80 - create IPUIPlugin
2024-04-17 20:50:25,843 [INFO] PluginManager:220 - loadIPPluginJar : add ipddr
2024-04-17 20:50:25,851 [INFO] IPUIPlugin:80 - create IPUIPlugin
2024-04-17 20:50:25,851 [INFO] PluginManager:220 - loadIPPluginJar : add linkedlist
2024-04-17 20:50:25,855 [INFO] IPUIPlugin:80 - create IPUIPlugin
2024-04-17 20:50:25,855 [INFO] PluginManager:220 - loadIPPluginJar : add lorawan
2024-04-17 20:50:25,857 [INFO] IPUIPlugin:80 - create IPUIPlugin
2024-04-17 20:50:25,858 [INFO] PluginManager:220 - loadIPPluginJar : add ltdc
2024-04-17 20:50:25,866 [INFO] IPUIPlugin:80 - create IPUIPlugin
2024-04-17 20:50:25,867 [INFO] PluginManager:220 - loadIPPluginJar : add mdma
2024-04-17 20:50:25,871 [INFO] IPUIPlugin:80 - create IPUIPlugin
2024-04-17 20:50:25,872 [INFO] PluginManager:220 - loadIPPluginJar : add nvic
2024-04-17 20:50:25,875 [INFO] IPUIPlugin:80 - create IPUIPlugin
2024-04-17 20:50:25,875 [INFO] PluginManager:220 - loadIPPluginJar : add opamp
2024-04-17 20:50:25,878 [INFO] IPUIPlugin:80 - create IPUIPlugin
2024-04-17 20:50:25,879 [INFO] PluginManager:220 - loadIPPluginJar : add openamp
2024-04-17 20:50:25,883 [INFO] IPUIPlugin:80 - create IPUIPlugin
2024-04-17 20:50:25,883 [INFO] PluginManager:220 - loadIPPluginJar : add pdm2pcm
2024-04-17 20:50:25,890 [INFO] IPUIPlugin:80 - create IPUIPlugin
2024-04-17 20:50:25,893 [INFO] PluginManager:220 - loadIPPluginJar : add plateformsettings
2024-04-17 20:50:25,896 [INFO] IPUIPlugin:80 - create IPUIPlugin
2024-04-17 20:50:25,896 [INFO] PluginManager:220 - loadIPPluginJar : add quadspi
2024-04-17 20:50:25,901 [INFO] IPUIPlugin:80 - create IPUIPlugin
2024-04-17 20:50:25,901 [INFO] PluginManager:220 - loadIPPluginJar : add resmgrutility
2024-04-17 20:50:25,904 [INFO] IPUIPlugin:80 - create IPUIPlugin
2024-04-17 20:50:25,904 [INFO] PluginManager:220 - loadIPPluginJar : add sai
2024-04-17 20:50:25,908 [INFO] IPUIPlugin:80 - create IPUIPlugin
2024-04-17 20:50:25,908 [INFO] PluginManager:220 - loadIPPluginJar : add spi
2024-04-17 20:50:25,914 [INFO] IPUIPlugin:80 - create IPUIPlugin
2024-04-17 20:50:25,914 [INFO] PluginManager:220 - loadIPPluginJar : add stm32_wpan
2024-04-17 20:50:25,916 [INFO] IPUIPlugin:80 - create IPUIPlugin
2024-04-17 20:50:25,916 [INFO] PluginManager:220 - loadIPPluginJar : add tim
2024-04-17 20:50:25,920 [INFO] IPUIPlugin:80 - create IPUIPlugin
2024-04-17 20:50:25,920 [INFO] PluginManager:220 - loadIPPluginJar : add touchsensing
2024-04-17 20:50:25,923 [INFO] IPUIPlugin:80 - create IPUIPlugin
2024-04-17 20:50:25,923 [INFO] PluginManager:220 - loadIPPluginJar : add tracer_emb
2024-04-17 20:50:25,925 [INFO] IPUIPlugin:80 - create IPUIPlugin
2024-04-17 20:50:25,925 [INFO] PluginManager:220 - loadIPPluginJar : add ts
2024-04-17 20:50:25,926 [INFO] IPUIPlugin:80 - create IPUIPlugin
2024-04-17 20:50:25,926 [INFO] PluginManager:220 - loadIPPluginJar : add tsc
2024-04-17 20:50:25,928 [INFO] IPUIPlugin:80 - create IPUIPlugin
2024-04-17 20:50:25,928 [INFO] PluginManager:220 - loadIPPluginJar : add ucpd
2024-04-17 20:50:25,930 [INFO] IPUIPlugin:80 - create IPUIPlugin
2024-04-17 20:50:25,930 [INFO] PluginManager:220 - loadIPPluginJar : add usart
2024-04-17 20:50:25,934 [INFO] IPUIPlugin:80 - create IPUIPlugin
2024-04-17 20:50:25,934 [INFO] PluginManager:220 - loadIPPluginJar : add usbx
2024-04-17 20:50:26,054 [INFO] CADModel:165 - CPN selected for project level
2024-04-17 20:50:26,054 [INFO] CADModel:114 - Register for checkConnection events
2024-04-17 20:50:26,054 [FATAL] Updater:308 - Updater called before beeing initialized
2024-04-17 20:50:26,055 [ERROR] CADModel:125 - Updater not yet initialized, retry later 
2024-04-17 20:50:26,180 [INFO] CADModel:165 - CPN selected for project level
2024-04-17 20:50:26,180 [INFO] CADModel:114 - Register for checkConnection events
2024-04-17 20:50:26,180 [FATAL] Updater:308 - Updater called before beeing initialized
2024-04-17 20:50:26,180 [ERROR] CADModel:125 - Updater not yet initialized, retry later 
2024-04-17 20:50:26,183 [FATAL] Updater:308 - Updater called before beeing initialized
2024-04-17 20:50:26,289 [FATAL] Updater:308 - Updater called before beeing initialized
2024-04-17 20:50:26,293 [INFO] DbMcusAds:53 - JSON generation date=Wed Nov 29 19:52:27 KST 2023 (1701255147349)
2024-04-17 20:50:26,293 [FATAL] Updater:308 - Updater called before beeing initialized
2024-04-17 20:50:26,329 [WARN] DetailPanel:346 - Failed to get advertising image, set to default
2024-04-17 20:50:26,415 [FATAL] Updater:308 - Updater called before beeing initialized
2024-04-17 20:50:26,417 [FATAL] Updater:308 - Updater called before beeing initialized
2024-04-17 20:50:26,417 [FATAL] Updater:308 - Updater called before beeing initialized
2024-04-17 20:50:26,417 [WARN] DetailPanel:346 - Failed to get advertising image, set to default
2024-04-17 20:50:26,418 [FATAL] Updater:308 - Updater called before beeing initialized
2024-04-17 20:50:26,505 [ERROR] Updater:1120 - MainUpdater not yet initialized. External WinMGr cannot be set.
2024-04-17 20:50:26,518 [INFO] Updater:1056 - Updater Version found : 6.10.0
2024-04-17 20:50:26,539 [INFO] ApplicationProperties:184 - Using Application install path: C:\ST\STM32CubeIDE_1.14.1\STM32CubeIDE\plugins\com.st.stm32cube.common.mx_6.10.0.202311202037
2024-04-17 20:50:28,126 [ERROR] LogOutputStream:75 - [STDERR_REDIRECT] Apr 17, 2024 8:50:28 PM java.util.prefs.WindowsPreferences <init>
2024-04-17 20:50:28,127 [ERROR] LogOutputStream:75 - [STDERR_REDIRECT] WARNING: Could not open/create prefs root node Software\JavaSoft\Prefs at root 0xffffffff80000002. Windows RegCreateKeyEx(...) returned error code 5.
2024-04-17 20:50:28,128 [ERROR] LogOutputStream:75 - [STDERR_REDIRECT] 
2024-04-17 20:50:28,248 [INFO] ThirdPartyUpdaterWithRetryManager:70 - Updater plugin not ready yet. [2/15]
2024-04-17 20:50:28,442 [INFO] MainUpdater:2873 - connection check result : 10
2024-04-17 20:50:28,443 [INFO] MainUpdater:290 - Updater Check For Update Now.
2024-04-17 20:50:28,443 [INFO] MicroXplorer:498 - Change Database Version : DB.6.0.100
2024-04-17 20:50:28,450 [INFO] McuFinderGlobals:63 - Set McuFinder mode to 2 (CubeIDE integrated)
2024-04-17 20:50:28,598 [INFO] CheckServerUpdateThread:120 - End of CheckServer Thread
2024-04-17 20:50:28,713 [INFO] UserAuth:404 - Internet connection configuration mode: 1
2024-04-17 20:50:28,729 [INFO] JxBrowserEngine:152 - Initiate JxBrowser Engine with user profile folder
2024-04-17 20:50:29,657 [INFO] WebApp:161 - Instantiating new browser for Auth
2024-04-17 20:50:30,471 [INFO] WebApp:780 - Register for checkConnection events
2024-04-17 20:50:30,472 [INFO] WebApp:414 - Apply proxy settings
2024-04-17 20:50:30,472 [INFO] WebApp:499 - Chromium requires no authentication
2024-04-17 20:50:30,482 [INFO] WebApp:442 - Direct internet connection detected
2024-04-17 20:50:30,652 [INFO] WebApp:192 - Starting web application
2024-04-17 20:50:30,652 [INFO] WebApp:544 - Web application path used C:\ST\STM32CubeIDE_1.14.1\STM32CubeIDE\plugins\com.st.stm32cube.common.mx_6.10.0.202311202037\db\plugins\mcufinder\reactClient1\index.html
2024-04-17 20:50:31,503 [WARN] PackLoader:240 - Cannot read IP mode file for STMicroelectronics.FP-SNS-MOTENVWB1.1.4.0
2024-04-17 20:50:31,515 [WARN] PackLoader:240 - Cannot read IP mode file for STMicroelectronics.X-CUBE-SMBUS.2.1.0
2024-04-17 20:50:31,520 [WARN] PackLoader:240 - Cannot read IP mode file for STMicroelectronics.X-CUBE-TOUCHGFX.4.23.1
2024-04-17 20:50:31,524 [WARN] PackLoader:240 - Cannot read IP mode file for STMicroelectronics.X-CUBE-TOUCHGFX.4.23.0
2024-04-17 20:50:31,528 [WARN] PackLoader:240 - Cannot read IP mode file for STMicroelectronics.X-CUBE-TOUCHGFX.4.23.2
2024-04-17 20:50:31,551 [WARN] PackLoader:240 - Cannot read IP mode file for STMicroelectronics.X-CUBE-AZRTOS-F7.1.1.0
2024-04-17 20:50:31,559 [WARN] PackLoader:240 - Cannot read IP mode file for STMicroelectronics.FP-SNS-MOTENV1.4.3.2
2024-04-17 20:50:31,567 [WARN] PackLoader:240 - Cannot read IP mode file for STMicroelectronics.FP-SNS-FLIGHT1.5.0.2
2024-04-17 20:50:31,574 [WARN] PackLoader:240 - Cannot read IP mode file for STMicroelectronics.X-CUBE-DISPLAY.3.0.0
2024-04-17 20:50:31,585 [WARN] PackLoader:240 - Cannot read IP mode file for STMicroelectronics.X-CUBE-BLE1.7.0.0
2024-04-17 20:50:31,590 [WARN] PackLoader:240 - Cannot read IP mode file for emotas.I-CUBE-CANOPEN.1.3.0
2024-04-17 20:50:31,602 [WARN] PackLoader:240 - Cannot read IP mode file for STMicroelectronics.X-CUBE-BLEMGR.3.1.0
2024-04-17 20:50:31,611 [WARN] PackLoader:240 - Cannot read IP mode file for STMicroelectronics.FP-SNS-SMARTAG2.1.2.0
2024-04-17 20:50:31,624 [INFO] LogOutputStream:77 - [STDOUT_REDIRECT] 1 : Invalid condition id : UX_CORESTACK_Condition cause : null
2024-04-17 20:50:31,629 [INFO] LogOutputStream:77 - [STDOUT_REDIRECT] 1 : Invalid condition id : UX_CORESTACK_Condition cause : null
2024-04-17 20:50:31,630 [INFO] LogOutputStream:77 - [STDOUT_REDIRECT] 1 : Invalid condition id : UX_CORESTACK_Condition cause : null
2024-04-17 20:50:31,631 [INFO] LogOutputStream:77 - [STDOUT_REDIRECT] 1 : Invalid condition id : UX_CORESTACK_Condition cause : null
2024-04-17 20:50:31,633 [INFO] LogOutputStream:77 - [STDOUT_REDIRECT] 1 : Invalid condition id : UX_CORESTACK_Condition cause : null
2024-04-17 20:50:31,635 [WARN] PackLoader:240 - Cannot read IP mode file for STMicroelectronics.X-CUBE-AZRTOS-WL.2.0.0
2024-04-17 20:50:31,641 [WARN] PackLoader:240 - Cannot read IP mode file for STMicroelectronics.FP-SNS-MOTENV1.5.0.0
2024-04-17 20:50:31,652 [WARN] PackLoader:240 - Cannot read IP mode file for WES.I-CUBE-Cesium.1.3.0
2024-04-17 20:50:31,656 [WARN] PackLoader:240 - Cannot read IP mode file for STMicroelectronics.X-CUBE-BLE2.3.3.0
2024-04-17 20:50:31,663 [WARN] PackLoader:240 - Cannot read IP mode file for STMicroelectronics.X-CUBE-TCPP.4.1.0
2024-04-17 20:50:31,672 [WARN] PackLoader:240 - Cannot read IP mode file for STMicroelectronics.X-CUBE-ALGOBUILD.1.3.0
2024-04-17 20:50:31,690 [WARN] PackLoader:240 - Cannot read IP mode file for STMicroelectronics.X-CUBE-AZRTOS-G0.1.1.0
2024-04-17 20:50:31,702 [WARN] PackLoader:240 - Cannot read IP mode file for STMicroelectronics.X-CUBE-SAFEA1.1.2.2
2024-04-17 20:50:31,710 [WARN] PackLoader:240 - Cannot read IP mode file for STMicroelectronics.X-CUBE-NFC4.3.0.0
2024-04-17 20:50:31,715 [WARN] PackLoader:240 - Cannot read IP mode file for STMicroelectronics.FP-ATR-SIGFOX1.3.2.0
2024-04-17 20:50:31,720 [WARN] PackLoader:240 - Cannot read IP mode file for STMicroelectronics.X-CUBE-EEPRMA1.5.1.0
2024-04-17 20:50:31,957 [WARN] PackLoader:240 - Cannot read IP mode file for SEGGER.I-CUBE-embOS.1.3.1
2024-04-17 20:50:32,000 [WARN] PackLoader:240 - Cannot read IP mode file for STMicroelectronics.X-CUBE-GNSS1.6.0.0
2024-04-17 20:50:32,092 [WARN] PackLoader:240 - Cannot read IP mode file for STMicroelectronics.X-CUBE-AZRTOS-F4.1.1.0
2024-04-17 20:50:32,103 [WARN] PackLoader:240 - Cannot read IP mode file for wolfSSL.I-CUBE-wolfSSL.5.6.6
2024-04-17 20:50:32,118 [WARN] PackLoader:240 - Cannot read IP mode file for STMicroelectronics.X-CUBE-AZRTOS-L5.2.0.0
2024-04-17 20:50:32,125 [WARN] PackLoader:240 - Cannot read IP mode file for STMicroelectronics.X-CUBE-NFC6.3.1.0
2024-04-17 20:50:32,134 [WARN] PackLoader:240 - Cannot read IP mode file for ITTIA_DB.I-CUBE-ITTIADB.8.8.0
2024-04-17 20:50:32,138 [WARN] PackLoader:240 - Cannot read IP mode file for STMicroelectronics.X-CUBE-AI.9.0.0
2024-04-17 20:50:32,143 [WARN] PackLoader:240 - Cannot read IP mode file for STMicroelectronics.X-CUBE-NFC7.1.0.1
2024-04-17 20:50:32,148 [WARN] PackLoader:240 - Cannot read IP mode file for STMicroelectronics.X-CUBE-NFC6.3.0.0
2024-04-17 20:50:32,154 [WARN] PackLoader:240 - Cannot read IP mode file for STMicroelectronics.X-CUBE-AI.8.1.0
2024-04-17 20:50:32,165 [WARN] ConditionMgr:438 - getConditionDescription Invalid condition id : LAN8742 Phy interface Condition cause : null
2024-04-17 20:50:32,166 [WARN] PackLoader:240 - Cannot read IP mode file for STMicroelectronics.X-CUBE-AZRTOS-L4.2.0.0
2024-04-17 20:50:32,166 [WARN] ConditionMgr:1039 - genDependencies : Invalid condition id : LAN8742 Phy interface Condition cause : null
2024-04-17 20:50:32,167 [WARN] ConditionMgr:1039 - genDependencies : Invalid condition id : LAN8742 Phy interface Condition cause : null
2024-04-17 20:50:32,167 [WARN] ConditionMgr:1039 - genDependencies : Invalid condition id : LAN8742 Phy interface Condition cause : null
2024-04-17 20:50:32,173 [WARN] PackLoader:240 - Cannot read IP mode file for STMicroelectronics.X-CUBE-SFXS2LP1.4.0.0
2024-04-17 20:50:32,183 [WARN] ConditionMgr:438 - getConditionDescription Invalid condition id : UX DEVICE CLASS RTOS Condition cause : null
2024-04-17 20:50:32,183 [WARN] ConditionMgr:438 - getConditionDescription Invalid condition id : UX DEVICE CLASS RTOS Condition cause : null
2024-04-17 20:50:32,188 [WARN] PackLoader:240 - Cannot read IP mode file for STMicroelectronics.X-CUBE-AZRTOS-WB.2.0.0
2024-04-17 20:50:32,189 [WARN] ConditionMgr:1039 - genDependencies : Invalid condition id : UX DEVICE CLASS RTOS Condition cause : null
2024-04-17 20:50:32,189 [WARN] ConditionMgr:1039 - genDependencies : Invalid condition id : UX DEVICE CLASS RTOS Condition cause : null
2024-04-17 20:50:32,189 [WARN] ConditionMgr:1039 - genDependencies : Invalid condition id : UX DEVICE CLASS RTOS Condition cause : null
2024-04-17 20:50:32,189 [WARN] ConditionMgr:1039 - genDependencies : Invalid condition id : UX DEVICE CLASS RTOS Condition cause : null
2024-04-17 20:50:32,189 [WARN] ConditionMgr:1039 - genDependencies : Invalid condition id : UX DEVICE CLASS RTOS Condition cause : null
2024-04-17 20:50:32,196 [WARN] PackLoader:240 - Cannot read IP mode file for STMicroelectronics.X-CUBE-SUBG2.5.0.0
2024-04-17 20:50:32,208 [WARN] PackLoader:240 - Cannot read IP mode file for STMicroelectronics.X-CUBE-AZRTOS-G4.2.0.0
2024-04-17 20:50:32,221 [WARN] PackLoader:240 - Cannot read IP mode file for Infineon.AIROC-Wi-Fi-Bluetooth-STM32.1.5.1
2024-04-17 20:50:32,228 [WARN] PackLoader:240 - Cannot read IP mode file for STMicroelectronics.FP-SNS-MOTENVWB1.1.3.1
2024-04-17 20:50:32,234 [WARN] PackLoader:240 - Cannot read IP mode file for STMicroelectronics.X-CUBE-ISPU.2.0.0
2024-04-17 20:50:32,273 [WARN] PackLoader:240 - Cannot read IP mode file for STMicroelectronics.X-CUBE-MEMS1.10.0.0
2024-04-17 20:50:32,351 [WARN] PackLoader:240 - Cannot read IP mode file for STMicroelectronics.X-CUBE-FREERTOS.1.1.0
2024-04-17 20:50:32,357 [WARN] PackLoader:240 - Cannot read IP mode file for portGmbH.I-Cube-SoM-uGOAL.1.1.0
2024-04-17 20:50:32,362 [WARN] PackLoader:240 - Cannot read IP mode file for STMicroelectronics.X-CUBE-ALS.1.0.1
2024-04-17 20:50:32,374 [WARN] PackLoader:240 - Cannot read IP mode file for STMicroelectronics.X-CUBE-AZRTOS-H7RS.1.0.0
2024-04-17 20:50:32,379 [WARN] PackLoader:240 - Cannot read IP mode file for STMicroelectronics.FP-ATR-ASTRA1.2.0.0
2024-04-17 20:50:32,387 [WARN] PackLoader:240 - Cannot read IP mode file for STMicroelectronics.X-CUBE-TOF1.3.4.1
2024-04-17 20:50:32,425 [WARN] PackLoader:240 - Cannot read IP mode file for STMicroelectronics.X-CUBE-AZRTOS-H7.3.2.0
2024-04-17 20:50:32,431 [INFO] ThirdParty:978 - Integrity check success = true
2024-04-17 20:50:32,431 [INFO] IntegrityCheckThread:100 - exiting critical section [integrity check]
2024-04-17 20:50:32,431 [INFO] IntegrityCheckThread:103 - End integrity checks thread
2024-04-17 20:50:51,253 [ERROR] LogOutputStream:75 - [STDERR_REDIRECT] SLF4J: Failed to load class "org.slf4j.impl.StaticLoggerBinder".
2024-04-17 20:50:51,254 [ERROR] LogOutputStream:75 - [STDERR_REDIRECT] SLF4J: Defaulting to no-operation (NOP) logger implementation
2024-04-17 20:50:51,255 [ERROR] LogOutputStream:75 - [STDERR_REDIRECT] SLF4J: See http://www.slf4j.org/codes.html#StaticLoggerBinder for further details.
2024-04-17 21:15:22,702 [ERROR] LogOutputStream:75 - [STDERR_REDIRECT] 
