2024-04-03 17:02:53,333 [INFO] Activator:176 - 


2024-04-03 17:02:53,339 [INFO] Activator:177 - !SESSION log4j initialized
2024-04-03 17:03:00,296 [INFO] LogOutputStream:77 - [STDOUT_REDIRECT] 
2024-04-03 17:03:08,262 [INFO] ApplicationProperties:184 - Using Application install path: C:\ST\STM32CubeIDE_1.14.1\STM32CubeIDE\plugins\com.st.stm32cube.common.mx_6.10.0.202311202037
2024-04-03 17:03:08,287 [INFO] DbMcusXml:78 - Set database path to: C:\ST\STM32CubeIDE_1.14.1\STM32CubeIDE\plugins\com.st.stm32cube.common.mx_6.10.0.202311202037\\db\/mcu/
2024-04-03 17:03:08,287 [INFO] ApiDb:274 - Set plugin database path to: C:\ST\STM32CubeIDE_1.14.1\STM32CubeIDE\plugins\com.st.stm32cube.common.mx_6.10.0.202311202037\\db\/plugins/boardmanager/
2024-04-03 17:03:08,288 [WARN] ApiDb:259 - Overriding images path with different value:  => C:\ST\STM32CubeIDE_1.14.1\STM32CubeIDE\plugins\com.st.stm32cube.common.mx_6.10.0.202311202037\\db\/plugins/mcufinder/images/
2024-04-03 17:03:08,305 [INFO] ApiDb:250 - Set database path to: C:\Users\myhg1\.stmcufinder\plugins\mcufinder//mcu/
2024-04-03 17:03:08,307 [INFO] DbMcusAds:125 - Set database path to: C:\Users\myhg1\.stmcufinder\plugins\mcufinder//mcu/
2024-04-03 17:03:08,310 [INFO] CrossReferenceDbSqlite:203 - Set database path to: C:\Users\myhg1\.stmcufinder\plugins\mcufinder//mcu/cs/
2024-04-03 17:03:08,444 [INFO] RulesReader:64 - Compatibility file has been processed (297 Rules)
2024-04-03 17:03:08,562 [INFO] DbMcusXml:78 - Set database path to: C:\ST\STM32CubeIDE_1.14.1\STM32CubeIDE\plugins\com.st.stm32cube.common.mx_6.10.0.202311202037\\db\/mcu/
2024-04-03 17:03:08,562 [INFO] ApiDb:274 - Set plugin database path to: C:\ST\STM32CubeIDE_1.14.1\STM32CubeIDE\plugins\com.st.stm32cube.common.mx_6.10.0.202311202037\\db\/plugins/boardmanager/
2024-04-03 17:03:08,562 [INFO] ApiDb:261 - Set plugin images path to: C:\ST\STM32CubeIDE_1.14.1\STM32CubeIDE\plugins\com.st.stm32cube.common.mx_6.10.0.202311202037\\db\/plugins/mcufinder/images/
2024-04-03 17:03:08,562 [WARN] DbFile:41 - Overriding database path with different value: C:\Users\myhg1\.stmcufinder\plugins\mcufinder/ => C:\Users\myhg1\.stmcufinder\plugins\mcufinder
2024-04-03 17:03:08,563 [INFO] ApiDb:250 - Set database path to: C:\Users\myhg1\.stmcufinder\plugins\mcufinder//mcu/
2024-04-03 17:03:08,563 [WARN] DbFile:41 - Overriding database path with different value: C:\Users\myhg1\.stmcufinder\plugins\mcufinder/ => C:\Users\myhg1\.stmcufinder\plugins\mcufinder
2024-04-03 17:03:08,563 [INFO] DbMcusAds:125 - Set database path to: C:\Users\myhg1\.stmcufinder\plugins\mcufinder//mcu/
2024-04-03 17:03:08,563 [WARN] DbFile:41 - Overriding database path with different value: C:\Users\myhg1\.stmcufinder\plugins\mcufinder/ => C:\Users\myhg1\.stmcufinder\plugins\mcufinder
2024-04-03 17:03:08,563 [WARN] DbFile:41 - Overriding database path with different value: C:\Users\myhg1\.stmcufinder\plugins\mcufinder/ => C:\Users\myhg1\.stmcufinder\plugins\mcufinder
2024-04-03 17:03:08,563 [INFO] CrossReferenceDbSqlite:203 - Set database path to: C:\Users\myhg1\.stmcufinder\plugins\mcufinder//mcu/cs/
2024-04-03 17:03:08,642 [INFO] MainPanel:264 - HeapMemory: 268435456
2024-04-03 17:03:08,732 [INFO] DbMcusXml:78 - Set database path to: C:\ST\STM32CubeIDE_1.14.1\STM32CubeIDE\plugins\com.st.stm32cube.common.mx_6.10.0.202311202037\\db\/mcu/
2024-04-03 17:03:08,732 [INFO] ApiDb:274 - Set plugin database path to: C:\ST\STM32CubeIDE_1.14.1\STM32CubeIDE\plugins\com.st.stm32cube.common.mx_6.10.0.202311202037\\db\/plugins/boardmanager/
2024-04-03 17:03:08,732 [INFO] ApiDb:261 - Set plugin images path to: C:\ST\STM32CubeIDE_1.14.1\STM32CubeIDE\plugins\com.st.stm32cube.common.mx_6.10.0.202311202037\\db\/plugins/mcufinder/images/
2024-04-03 17:03:08,732 [WARN] DbFile:41 - Overriding database path with different value: C:\Users\myhg1\.stmcufinder\plugins\mcufinder/ => C:\Users\myhg1\.stmcufinder\plugins\mcufinder
2024-04-03 17:03:08,733 [INFO] ApiDb:250 - Set database path to: C:\Users\myhg1\.stmcufinder\plugins\mcufinder//mcu/
2024-04-03 17:03:08,733 [WARN] DbFile:41 - Overriding database path with different value: C:\Users\myhg1\.stmcufinder\plugins\mcufinder/ => C:\Users\myhg1\.stmcufinder\plugins\mcufinder
2024-04-03 17:03:08,733 [INFO] DbMcusAds:125 - Set database path to: C:\Users\myhg1\.stmcufinder\plugins\mcufinder//mcu/
2024-04-03 17:03:08,733 [WARN] DbFile:41 - Overriding database path with different value: C:\Users\myhg1\.stmcufinder\plugins\mcufinder/ => C:\Users\myhg1\.stmcufinder\plugins\mcufinder
2024-04-03 17:03:08,733 [WARN] DbFile:41 - Overriding database path with different value: C:\Users\myhg1\.stmcufinder\plugins\mcufinder/ => C:\Users\myhg1\.stmcufinder\plugins\mcufinder
2024-04-03 17:03:08,733 [INFO] CrossReferenceDbSqlite:203 - Set database path to: C:\Users\myhg1\.stmcufinder\plugins\mcufinder//mcu/cs/
2024-04-03 17:03:08,753 [INFO] ApplicationProperties:184 - Using Application install path: C:\ST\STM32CubeIDE_1.14.1\STM32CubeIDE\plugins\com.st.stm32cube.common.mx_6.10.0.202311202037
2024-04-03 17:03:08,755 [INFO] PluginManage:196 - Search for loadable plugins [exclusion list=, ]
2024-04-03 17:03:08,757 [INFO] PluginManage:310 - Check plugin analytics
2024-04-03 17:03:08,972 [INFO] AnalyticsPlugin:253 - Accepted Software Licenses: 
2024-04-03 17:03:08,972 [INFO] AnalyticsPlugin:255 - Accepted CMSIS Pack Licenses: 
2024-04-03 17:03:08,973 [INFO] AnalyticsPlugin:257 - Accepted Firmware Licenses: FW.F4.1.28.0
2024-04-03 17:03:08,977 [INFO] PluginManage:359 - Loaded plugin analytics (category:tool,tabindex:-1)
2024-04-03 17:03:08,978 [INFO] PluginManage:310 - Check plugin cadmodel
2024-04-03 17:03:09,021 [INFO] CADModel:105 - Init CAD model plugin
2024-04-03 17:03:09,021 [INFO] PluginManage:359 - Loaded plugin cadmodel (category:power,tabindex:5)
2024-04-03 17:03:09,021 [INFO] PluginManage:310 - Check plugin clock
2024-04-03 17:03:09,055 [INFO] PluginManage:359 - Loaded plugin clock (category:base,tabindex:2)
2024-04-03 17:03:09,055 [INFO] PluginManage:310 - Check plugin ddr
2024-04-03 17:03:09,058 [INFO] PluginManage:359 - Loaded plugin ddr (category:tool,tabindex:6)
2024-04-03 17:03:09,058 [INFO] PluginManage:310 - Check plugin filemanager
2024-04-03 17:03:09,216 [INFO] PluginManage:359 - Loaded plugin filemanager (category:base,tabindex:10)
2024-04-03 17:03:09,217 [INFO] PluginManage:310 - Check plugin ipmanager
2024-04-03 17:03:09,227 [INFO] PluginManage:359 - Loaded plugin ipmanager (category:base,tabindex:5)
2024-04-03 17:03:09,227 [INFO] PluginManage:310 - Check plugin lpbam
2024-04-03 17:03:09,247 [INFO] PluginManage:359 - Loaded plugin lpbam (category:base,tabindex:0)
2024-04-03 17:03:09,248 [INFO] PluginManage:310 - Check plugin memorymap
2024-04-03 17:03:09,286 [INFO] PluginManage:359 - Loaded plugin memorymap (category:base,tabindex:4)
2024-04-03 17:03:09,286 [INFO] PluginManage:310 - Check plugin pinoutandconfiguration
2024-04-03 17:03:09,308 [INFO] PluginManage:359 - Loaded plugin pinoutandconfiguration (category:base,tabindex:1)
2024-04-03 17:03:09,308 [INFO] PluginManage:310 - Check plugin pinoutconfig
2024-04-03 17:03:09,445 [WARN] SupportedApi:132 - Cannot load RTOS API schema: s4s-elt-must-match.1: The content of 'definitions' must match (annotation?, (simpleType | complexType)?, (unique | key | keyref)*)). A problem was found starting at: attribute.
2024-04-03 17:03:09,599 [INFO] PluginManage:359 - Loaded plugin pinoutconfig (category:base,tabindex:0)
2024-04-03 17:03:09,599 [INFO] PluginManage:310 - Check plugin power
2024-04-03 17:03:09,646 [INFO] PluginManage:359 - Loaded plugin power (category:power,tabindex:4)
2024-04-03 17:03:09,646 [INFO] PluginManage:310 - Check plugin projectmanager
2024-04-03 17:03:09,663 [INFO] PluginManage:359 - Loaded plugin projectmanager (category:projectmanager,tabindex:3)
2024-04-03 17:03:09,663 [INFO] PluginManage:310 - Check plugin thirdparty
2024-04-03 17:03:09,941 [INFO] PluginManage:359 - Loaded plugin thirdparty (category:base,tabindex:-1)
2024-04-03 17:03:09,941 [WARN] IntegrityCheckThread:84 - waiting for thirdparty lock release [integrity check]
2024-04-03 17:03:09,941 [INFO] PluginManage:310 - Check plugin tools
2024-04-03 17:03:09,941 [INFO] IntegrityCheckThread:86 - entering critical section [integrity check]
2024-04-03 17:03:09,942 [INFO] ThirdPartyUpdaterWithRetryManager:70 - Updater plugin not ready yet. [1/15]
2024-04-03 17:03:09,951 [INFO] PluginManage:359 - Loaded plugin tools (category:base,tabindex:7)
2024-04-03 17:03:09,951 [INFO] PluginManage:310 - Check plugin tutovideos
2024-04-03 17:03:10,136 [INFO] PluginManage:359 - Loaded plugin tutovideos (category:base,tabindex:-1)
2024-04-03 17:03:10,136 [INFO] PluginManage:310 - Check plugin updater
2024-04-03 17:03:10,149 [INFO] PluginManage:359 - Loaded plugin updater (category:base,tabindex:12)
2024-04-03 17:03:10,149 [INFO] PluginManage:310 - Check plugin userauth
2024-04-03 17:03:10,155 [INFO] UserAuth:114 - Init User Auth plugin
2024-04-03 17:03:10,155 [INFO] PluginManage:359 - Loaded plugin userauth (category:base,tabindex:14)
2024-04-03 17:03:10,155 [INFO] PluginManage:283 - PluginManage : Loaded plugins [17]
2024-04-03 17:03:10,380 [INFO] PinOutPanel:1499 - setPackage(No Configuration,No Configuration)
2024-04-03 17:03:10,449 [INFO] CADModel:165 - CPN selected for project level
2024-04-03 17:03:10,449 [INFO] CADModel:114 - Register for checkConnection events
2024-04-03 17:03:10,476 [INFO] IPUIPlugin:80 - create IPUIPlugin
2024-04-03 17:03:10,476 [INFO] PluginManager:220 - loadIPPluginJar : add adc
2024-04-03 17:03:10,487 [INFO] IPUIPlugin:80 - create IPUIPlugin
2024-04-03 17:03:10,487 [INFO] PluginManager:220 - loadIPPluginJar : add aes
2024-04-03 17:03:10,501 [INFO] IPUIPlugin:80 - create IPUIPlugin
2024-04-03 17:03:10,501 [INFO] PluginManager:220 - loadIPPluginJar : add can
2024-04-03 17:03:10,506 [INFO] IPUIPlugin:80 - create IPUIPlugin
2024-04-03 17:03:10,506 [INFO] PluginManager:220 - loadIPPluginJar : add comp
2024-04-03 17:03:10,517 [INFO] IPUIPlugin:80 - create IPUIPlugin
2024-04-03 17:03:10,517 [INFO] PluginManager:220 - loadIPPluginJar : add cryp
2024-04-03 17:03:10,525 [INFO] IPUIPlugin:80 - create IPUIPlugin
2024-04-03 17:03:10,525 [INFO] PluginManager:220 - loadIPPluginJar : add dfsdm
2024-04-03 17:03:10,543 [INFO] IPUIPlugin:80 - create IPUIPlugin
2024-04-03 17:03:10,544 [INFO] PluginManager:220 - loadIPPluginJar : add dma
2024-04-03 17:03:10,552 [INFO] IPUIPlugin:80 - create IPUIPlugin
2024-04-03 17:03:10,553 [INFO] PluginManager:220 - loadIPPluginJar : add dma3
2024-04-03 17:03:10,558 [INFO] IPUIPlugin:80 - create IPUIPlugin
2024-04-03 17:03:10,558 [INFO] PluginManager:220 - loadIPPluginJar : add fatfs
2024-04-03 17:03:10,572 [INFO] IPUIPlugin:80 - create IPUIPlugin
2024-04-03 17:03:10,573 [INFO] PluginManager:220 - loadIPPluginJar : add fmc
2024-04-03 17:03:10,599 [INFO] IPUIPlugin:80 - create IPUIPlugin
2024-04-03 17:03:10,600 [INFO] PluginManager:220 - loadIPPluginJar : add freertos
2024-04-03 17:03:10,605 [INFO] IPUIPlugin:80 - create IPUIPlugin
2024-04-03 17:03:10,605 [INFO] PluginManager:220 - loadIPPluginJar : add genericplugin
2024-04-03 17:03:10,615 [INFO] IPUIPlugin:80 - create IPUIPlugin
2024-04-03 17:03:10,616 [INFO] PluginManager:220 - loadIPPluginJar : add gfxmmu
2024-04-03 17:03:10,631 [INFO] IPUIPlugin:80 - create IPUIPlugin
2024-04-03 17:03:10,631 [INFO] PluginManager:220 - loadIPPluginJar : add gic
2024-04-03 17:03:10,645 [INFO] IPUIPlugin:80 - create IPUIPlugin
2024-04-03 17:03:10,645 [INFO] PluginManager:220 - loadIPPluginJar : add gpio
2024-04-03 17:03:10,656 [INFO] IPUIPlugin:80 - create IPUIPlugin
2024-04-03 17:03:10,657 [INFO] PluginManager:220 - loadIPPluginJar : add gtzc
2024-04-03 17:03:10,664 [INFO] IPUIPlugin:80 - create IPUIPlugin
2024-04-03 17:03:10,664 [INFO] PluginManager:220 - loadIPPluginJar : add hash
2024-04-03 17:03:10,676 [INFO] IPUIPlugin:80 - create IPUIPlugin
2024-04-03 17:03:10,676 [INFO] PluginManager:220 - loadIPPluginJar : add i2c
2024-04-03 17:03:10,688 [INFO] IPUIPlugin:80 - create IPUIPlugin
2024-04-03 17:03:10,689 [INFO] PluginManager:220 - loadIPPluginJar : add i2s
2024-04-03 17:03:10,701 [INFO] IPUIPlugin:80 - create IPUIPlugin
2024-04-03 17:03:10,701 [INFO] PluginManager:220 - loadIPPluginJar : add i3c
2024-04-03 17:03:10,720 [INFO] IPUIPlugin:80 - create IPUIPlugin
2024-04-03 17:03:10,720 [INFO] PluginManager:220 - loadIPPluginJar : add ipddr
2024-04-03 17:03:10,739 [INFO] IPUIPlugin:80 - create IPUIPlugin
2024-04-03 17:03:10,739 [INFO] PluginManager:220 - loadIPPluginJar : add linkedlist
2024-04-03 17:03:10,749 [INFO] IPUIPlugin:80 - create IPUIPlugin
2024-04-03 17:03:10,750 [INFO] PluginManager:220 - loadIPPluginJar : add lorawan
2024-04-03 17:03:10,761 [INFO] IPUIPlugin:80 - create IPUIPlugin
2024-04-03 17:03:10,761 [INFO] PluginManager:220 - loadIPPluginJar : add ltdc
2024-04-03 17:03:10,775 [INFO] IPUIPlugin:80 - create IPUIPlugin
2024-04-03 17:03:10,775 [INFO] PluginManager:220 - loadIPPluginJar : add mdma
2024-04-03 17:03:10,791 [INFO] IPUIPlugin:80 - create IPUIPlugin
2024-04-03 17:03:10,791 [INFO] PluginManager:220 - loadIPPluginJar : add nvic
2024-04-03 17:03:10,801 [INFO] IPUIPlugin:80 - create IPUIPlugin
2024-04-03 17:03:10,801 [INFO] PluginManager:220 - loadIPPluginJar : add opamp
2024-04-03 17:03:10,814 [INFO] IPUIPlugin:80 - create IPUIPlugin
2024-04-03 17:03:10,814 [INFO] PluginManager:220 - loadIPPluginJar : add openamp
2024-04-03 17:03:10,825 [INFO] IPUIPlugin:80 - create IPUIPlugin
2024-04-03 17:03:10,825 [INFO] PluginManager:220 - loadIPPluginJar : add pdm2pcm
2024-04-03 17:03:10,847 [INFO] IPUIPlugin:80 - create IPUIPlugin
2024-04-03 17:03:10,848 [INFO] PluginManager:220 - loadIPPluginJar : add plateformsettings
2024-04-03 17:03:10,853 [INFO] IPUIPlugin:80 - create IPUIPlugin
2024-04-03 17:03:10,853 [INFO] PluginManager:220 - loadIPPluginJar : add quadspi
2024-04-03 17:03:10,872 [INFO] IPUIPlugin:80 - create IPUIPlugin
2024-04-03 17:03:10,872 [INFO] PluginManager:220 - loadIPPluginJar : add resmgrutility
2024-04-03 17:03:10,889 [INFO] IPUIPlugin:80 - create IPUIPlugin
2024-04-03 17:03:10,889 [INFO] PluginManager:220 - loadIPPluginJar : add sai
2024-04-03 17:03:10,903 [INFO] IPUIPlugin:80 - create IPUIPlugin
2024-04-03 17:03:10,903 [INFO] PluginManager:220 - loadIPPluginJar : add spi
2024-04-03 17:03:10,924 [INFO] IPUIPlugin:80 - create IPUIPlugin
2024-04-03 17:03:10,924 [INFO] PluginManager:220 - loadIPPluginJar : add stm32_wpan
2024-04-03 17:03:10,930 [INFO] IPUIPlugin:80 - create IPUIPlugin
2024-04-03 17:03:10,930 [INFO] PluginManager:220 - loadIPPluginJar : add tim
2024-04-03 17:03:10,946 [INFO] IPUIPlugin:80 - create IPUIPlugin
2024-04-03 17:03:10,946 [INFO] PluginManager:220 - loadIPPluginJar : add touchsensing
2024-04-03 17:03:10,954 [INFO] IPUIPlugin:80 - create IPUIPlugin
2024-04-03 17:03:10,954 [INFO] PluginManager:220 - loadIPPluginJar : add tracer_emb
2024-04-03 17:03:10,962 [INFO] IPUIPlugin:80 - create IPUIPlugin
2024-04-03 17:03:10,962 [INFO] PluginManager:220 - loadIPPluginJar : add ts
2024-04-03 17:03:10,968 [INFO] IPUIPlugin:80 - create IPUIPlugin
2024-04-03 17:03:10,968 [INFO] PluginManager:220 - loadIPPluginJar : add tsc
2024-04-03 17:03:10,973 [INFO] IPUIPlugin:80 - create IPUIPlugin
2024-04-03 17:03:10,973 [INFO] PluginManager:220 - loadIPPluginJar : add ucpd
2024-04-03 17:03:10,988 [INFO] IPUIPlugin:80 - create IPUIPlugin
2024-04-03 17:03:10,988 [INFO] PluginManager:220 - loadIPPluginJar : add usart
2024-04-03 17:03:11,002 [INFO] IPUIPlugin:80 - create IPUIPlugin
2024-04-03 17:03:11,002 [INFO] PluginManager:220 - loadIPPluginJar : add usbx
2024-04-03 17:03:11,127 [INFO] CADModel:165 - CPN selected for project level
2024-04-03 17:03:11,127 [INFO] CADModel:114 - Register for checkConnection events
2024-04-03 17:03:11,127 [FATAL] Updater:308 - Updater called before beeing initialized
2024-04-03 17:03:11,128 [ERROR] CADModel:125 - Updater not yet initialized, retry later 
2024-04-03 17:03:11,252 [INFO] CADModel:165 - CPN selected for project level
2024-04-03 17:03:11,252 [INFO] CADModel:114 - Register for checkConnection events
2024-04-03 17:03:11,252 [FATAL] Updater:308 - Updater called before beeing initialized
2024-04-03 17:03:11,252 [ERROR] CADModel:125 - Updater not yet initialized, retry later 
2024-04-03 17:03:11,255 [FATAL] Updater:308 - Updater called before beeing initialized
2024-04-03 17:03:11,361 [FATAL] Updater:308 - Updater called before beeing initialized
2024-04-03 17:03:11,366 [INFO] DbMcusAds:53 - JSON generation date=Wed Nov 29 19:52:27 KST 2023 (1701255147349)
2024-04-03 17:03:11,366 [FATAL] Updater:308 - Updater called before beeing initialized
2024-04-03 17:03:11,397 [WARN] DetailPanel:346 - Failed to get advertising image, set to default
2024-04-03 17:03:11,482 [FATAL] Updater:308 - Updater called before beeing initialized
2024-04-03 17:03:11,484 [FATAL] Updater:308 - Updater called before beeing initialized
2024-04-03 17:03:11,485 [FATAL] Updater:308 - Updater called before beeing initialized
2024-04-03 17:03:11,485 [WARN] DetailPanel:346 - Failed to get advertising image, set to default
2024-04-03 17:03:11,486 [FATAL] Updater:308 - Updater called before beeing initialized
2024-04-03 17:03:11,568 [ERROR] Updater:1120 - MainUpdater not yet initialized. External WinMGr cannot be set.
2024-04-03 17:03:11,573 [INFO] Updater:1056 - Updater Version found : 6.10.0
2024-04-03 17:03:11,592 [INFO] ApplicationProperties:184 - Using Application install path: C:\ST\STM32CubeIDE_1.14.1\STM32CubeIDE\plugins\com.st.stm32cube.common.mx_6.10.0.202311202037
2024-04-03 17:03:12,943 [INFO] ThirdPartyUpdaterWithRetryManager:70 - Updater plugin not ready yet. [2/15]
2024-04-03 17:03:13,193 [ERROR] LogOutputStream:75 - [STDERR_REDIRECT] Apr 03, 2024 5:03:13 PM java.util.prefs.WindowsPreferences <init>
2024-04-03 17:03:13,195 [ERROR] LogOutputStream:75 - [STDERR_REDIRECT] WARNING: Could not open/create prefs root node Software\JavaSoft\Prefs at root 0xffffffff80000002. Windows RegCreateKeyEx(...) returned error code 5.
2024-04-03 17:03:13,195 [ERROR] LogOutputStream:75 - [STDERR_REDIRECT] 
2024-04-03 17:03:13,663 [INFO] MainUpdater:2873 - connection check result : 10
2024-04-03 17:03:13,663 [INFO] MainUpdater:3567 - Updater definition file requires update
2024-04-03 17:03:13,664 [INFO] MainUpdater:290 - Updater Check For Update Now.
2024-04-03 17:03:13,664 [INFO] MicroXplorer:498 - Change Database Version : DB.6.0.100
2024-04-03 17:03:13,673 [INFO] McuFinderGlobals:63 - Set McuFinder mode to 2 (CubeIDE integrated)
2024-04-03 17:03:13,808 [INFO] ServerAccessManage:473 - Download File updaters.zip
2024-04-03 17:03:14,016 [INFO] FileExtend:240 - Unzip File : updaters.zip
2024-04-03 17:03:14,017 [INFO] FileExtend:255 - Standard Zip Deflate
2024-04-03 17:03:14,023 [INFO] UserAuth:404 - Internet connection configuration mode: 1
2024-04-03 17:03:14,045 [INFO] JxBrowserEngine:152 - Initiate JxBrowser Engine with user profile folder
2024-04-03 17:03:14,582 [INFO] ServerAccessManage:473 - Download File PacksControlFlags.xml
2024-04-03 17:03:14,708 [INFO] ServerAccessManage:473 - Download File cubemx.pidx
2024-04-03 17:03:15,688 [INFO] ServerAccessManage:473 - Download File STMicroelectronics.X-CUBE-TOUCHGFX.pdsc
2024-04-03 17:03:15,944 [WARN] MainUpdater:1194 - Updater busy. Cannot search thirdparties
2024-04-03 17:03:15,944 [INFO] ThirdPartyUpdaterWithRetryManager:96 - Updater plugin is busy. [1/15]
2024-04-03 17:03:16,074 [INFO] WebApp:161 - Instantiating new browser for Auth
2024-04-03 17:03:16,784 [INFO] WebApp:780 - Register for checkConnection events
2024-04-03 17:03:16,784 [INFO] WebApp:414 - Apply proxy settings
2024-04-03 17:03:16,784 [INFO] WebApp:499 - Chromium requires no authentication
2024-04-03 17:03:16,792 [INFO] WebApp:442 - Direct internet connection detected
2024-04-03 17:03:16,948 [INFO] WebApp:192 - Starting web application
2024-04-03 17:03:16,948 [INFO] WebApp:544 - Web application path used C:\ST\STM32CubeIDE_1.14.1\STM32CubeIDE\plugins\com.st.stm32cube.common.mx_6.10.0.202311202037\db\plugins\mcufinder\reactClient1\index.html
2024-04-03 17:03:18,946 [WARN] MainUpdater:1194 - Updater busy. Cannot search thirdparties
2024-04-03 17:03:18,946 [INFO] ThirdPartyUpdaterWithRetryManager:96 - Updater plugin is busy. [2/15]
2024-04-03 17:03:19,145 [WARN] PackLoader:240 - Cannot read IP mode file for STMicroelectronics.X-CUBE-TOUCHGFX.4.23.2
2024-04-03 17:03:19,145 [INFO] PopulateThirdPartyThread:66 - Ending populate Thread
2024-04-03 17:03:19,147 [INFO] ThirdParty:1030 - CMSIS Pack Vendor :STMicroelectronics X-CUBE-TOUCHGFX 4.23.2
2024-04-03 17:03:19,147 [INFO] LoadServerUpdatesThread:375 - End of LoadServerUpdate Thread
2024-04-03 17:03:19,259 [INFO] CheckServerUpdateThread:120 - End of CheckServer Thread
2024-04-03 17:03:22,149 [WARN] PackLoader:240 - Cannot read IP mode file for STMicroelectronics.X-CUBE-SMBUS.2.1.0
2024-04-03 17:03:22,154 [WARN] PackLoader:240 - Cannot read IP mode file for STMicroelectronics.X-CUBE-TOUCHGFX.4.23.1
2024-04-03 17:03:22,158 [WARN] PackLoader:240 - Cannot read IP mode file for STMicroelectronics.X-CUBE-TOUCHGFX.4.23.0
2024-04-03 17:03:22,160 [WARN] PackLoader:240 - Cannot read IP mode file for STMicroelectronics.X-CUBE-TOUCHGFX.4.23.2
2024-04-03 17:03:22,187 [WARN] PackLoader:240 - Cannot read IP mode file for STMicroelectronics.X-CUBE-AZRTOS-F7.1.1.0
2024-04-03 17:03:22,203 [WARN] PackLoader:240 - Cannot read IP mode file for STMicroelectronics.FP-SNS-MOTENV1.4.3.2
2024-04-03 17:03:22,213 [WARN] PackLoader:240 - Cannot read IP mode file for STMicroelectronics.FP-SNS-FLIGHT1.5.0.2
2024-04-03 17:03:22,223 [WARN] PackLoader:240 - Cannot read IP mode file for STMicroelectronics.X-CUBE-DISPLAY.3.0.0
2024-04-03 17:03:22,244 [WARN] PackLoader:240 - Cannot read IP mode file for STMicroelectronics.X-CUBE-BLE1.7.0.0
2024-04-03 17:03:22,252 [WARN] PackLoader:240 - Cannot read IP mode file for emotas.I-CUBE-CANOPEN.1.3.0
2024-04-03 17:03:22,264 [WARN] PackLoader:240 - Cannot read IP mode file for STMicroelectronics.X-CUBE-BLEMGR.3.1.0
2024-04-03 17:03:22,274 [WARN] PackLoader:240 - Cannot read IP mode file for STMicroelectronics.FP-SNS-SMARTAG2.1.2.0
2024-04-03 17:03:22,288 [INFO] LogOutputStream:77 - [STDOUT_REDIRECT] 1 : Invalid condition id : UX_CORESTACK_Condition cause : null
2024-04-03 17:03:22,288 [INFO] LogOutputStream:77 - [STDOUT_REDIRECT] 1 : Invalid condition id : UX_CORESTACK_Condition cause : null
2024-04-03 17:03:22,290 [INFO] LogOutputStream:77 - [STDOUT_REDIRECT] 1 : Invalid condition id : UX_CORESTACK_Condition cause : null
2024-04-03 17:03:22,291 [INFO] LogOutputStream:77 - [STDOUT_REDIRECT] 1 : Invalid condition id : UX_CORESTACK_Condition cause : null
2024-04-03 17:03:22,292 [INFO] LogOutputStream:77 - [STDOUT_REDIRECT] 1 : Invalid condition id : UX_CORESTACK_Condition cause : null
2024-04-03 17:03:22,293 [WARN] PackLoader:240 - Cannot read IP mode file for STMicroelectronics.X-CUBE-AZRTOS-WL.2.0.0
2024-04-03 17:03:22,300 [WARN] PackLoader:240 - Cannot read IP mode file for STMicroelectronics.FP-SNS-MOTENV1.5.0.0
2024-04-03 17:03:22,313 [WARN] PackLoader:240 - Cannot read IP mode file for WES.I-CUBE-Cesium.1.3.0
2024-04-03 17:03:22,335 [WARN] PackLoader:240 - Cannot read IP mode file for STMicroelectronics.X-CUBE-BLE2.3.3.0
2024-04-03 17:03:22,353 [WARN] PackLoader:240 - Cannot read IP mode file for STMicroelectronics.X-CUBE-ALGOBUILD.1.3.0
2024-04-03 17:03:22,376 [WARN] PackLoader:240 - Cannot read IP mode file for STMicroelectronics.X-CUBE-AZRTOS-G0.1.1.0
2024-04-03 17:03:22,395 [WARN] PackLoader:240 - Cannot read IP mode file for STMicroelectronics.X-CUBE-SAFEA1.1.2.2
2024-04-03 17:03:22,409 [WARN] PackLoader:240 - Cannot read IP mode file for STMicroelectronics.X-CUBE-NFC4.3.0.0
2024-04-03 17:03:22,417 [WARN] PackLoader:240 - Cannot read IP mode file for STMicroelectronics.FP-ATR-SIGFOX1.3.2.0
2024-04-03 17:03:22,439 [WARN] PackLoader:240 - Cannot read IP mode file for STMicroelectronics.X-CUBE-EEPRMA1.5.1.0
2024-04-03 17:03:22,482 [WARN] PackLoader:240 - Cannot read IP mode file for SEGGER.I-CUBE-embOS.1.3.1
2024-04-03 17:03:22,540 [WARN] PackLoader:240 - Cannot read IP mode file for STMicroelectronics.X-CUBE-GNSS1.6.0.0
2024-04-03 17:03:22,563 [WARN] PackLoader:240 - Cannot read IP mode file for STMicroelectronics.X-CUBE-AZRTOS-F4.1.1.0
2024-04-03 17:03:22,575 [WARN] PackLoader:240 - Cannot read IP mode file for wolfSSL.I-CUBE-wolfSSL.5.6.6
2024-04-03 17:03:22,594 [WARN] PackLoader:240 - Cannot read IP mode file for STMicroelectronics.X-CUBE-AZRTOS-L5.2.0.0
2024-04-03 17:03:22,612 [WARN] PackLoader:240 - Cannot read IP mode file for STMicroelectronics.X-CUBE-NFC6.3.1.0
2024-04-03 17:03:22,624 [WARN] PackLoader:240 - Cannot read IP mode file for ITTIA_DB.I-CUBE-ITTIADB.8.8.0
2024-04-03 17:03:22,637 [WARN] PackLoader:240 - Cannot read IP mode file for STMicroelectronics.X-CUBE-NFC7.1.0.1
2024-04-03 17:03:22,660 [WARN] PackLoader:240 - Cannot read IP mode file for STMicroelectronics.X-CUBE-NFC6.3.0.0
2024-04-03 17:03:22,671 [WARN] PackLoader:240 - Cannot read IP mode file for STMicroelectronics.X-CUBE-AI.8.1.0
2024-04-03 17:03:22,692 [WARN] ConditionMgr:438 - getConditionDescription Invalid condition id : LAN8742 Phy interface Condition cause : null
2024-04-03 17:03:22,693 [WARN] PackLoader:240 - Cannot read IP mode file for STMicroelectronics.X-CUBE-AZRTOS-L4.2.0.0
2024-04-03 17:03:22,694 [WARN] ConditionMgr:1039 - genDependencies : Invalid condition id : LAN8742 Phy interface Condition cause : null
2024-04-03 17:03:22,694 [WARN] ConditionMgr:1039 - genDependencies : Invalid condition id : LAN8742 Phy interface Condition cause : null
2024-04-03 17:03:22,695 [WARN] ConditionMgr:1039 - genDependencies : Invalid condition id : LAN8742 Phy interface Condition cause : null
2024-04-03 17:03:22,718 [WARN] PackLoader:240 - Cannot read IP mode file for STMicroelectronics.X-CUBE-SFXS2LP1.4.0.0
2024-04-03 17:03:22,733 [WARN] ConditionMgr:438 - getConditionDescription Invalid condition id : UX DEVICE CLASS RTOS Condition cause : null
2024-04-03 17:03:22,733 [WARN] ConditionMgr:438 - getConditionDescription Invalid condition id : UX DEVICE CLASS RTOS Condition cause : null
2024-04-03 17:03:22,735 [WARN] PackLoader:240 - Cannot read IP mode file for STMicroelectronics.X-CUBE-AZRTOS-WB.2.0.0
2024-04-03 17:03:22,735 [WARN] ConditionMgr:1039 - genDependencies : Invalid condition id : UX DEVICE CLASS RTOS Condition cause : null
2024-04-03 17:03:22,735 [WARN] ConditionMgr:1039 - genDependencies : Invalid condition id : UX DEVICE CLASS RTOS Condition cause : null
2024-04-03 17:03:22,735 [WARN] ConditionMgr:1039 - genDependencies : Invalid condition id : UX DEVICE CLASS RTOS Condition cause : null
2024-04-03 17:03:22,736 [WARN] ConditionMgr:1039 - genDependencies : Invalid condition id : UX DEVICE CLASS RTOS Condition cause : null
2024-04-03 17:03:22,736 [WARN] ConditionMgr:1039 - genDependencies : Invalid condition id : UX DEVICE CLASS RTOS Condition cause : null
2024-04-03 17:03:22,745 [WARN] PackLoader:240 - Cannot read IP mode file for STMicroelectronics.X-CUBE-SUBG2.5.0.0
2024-04-03 17:03:22,764 [WARN] PackLoader:240 - Cannot read IP mode file for STMicroelectronics.X-CUBE-AZRTOS-G4.2.0.0
2024-04-03 17:03:22,780 [WARN] PackLoader:240 - Cannot read IP mode file for Infineon.AIROC-Wi-Fi-Bluetooth-STM32.1.5.1
2024-04-03 17:03:22,789 [WARN] PackLoader:240 - Cannot read IP mode file for STMicroelectronics.FP-SNS-MOTENVWB1.1.3.1
2024-04-03 17:03:22,799 [WARN] PackLoader:240 - Cannot read IP mode file for STMicroelectronics.X-CUBE-ISPU.2.0.0
2024-04-03 17:03:22,903 [WARN] PackLoader:240 - Cannot read IP mode file for STMicroelectronics.X-CUBE-MEMS1.10.0.0
2024-04-03 17:03:23,015 [WARN] PackLoader:240 - Cannot read IP mode file for STMicroelectronics.X-CUBE-FREERTOS.1.1.0
2024-04-03 17:03:23,024 [WARN] PackLoader:240 - Cannot read IP mode file for portGmbH.I-Cube-SoM-uGOAL.1.1.0
2024-04-03 17:03:23,030 [WARN] PackLoader:240 - Cannot read IP mode file for STMicroelectronics.X-CUBE-ALS.1.0.1
2024-04-03 17:03:23,037 [WARN] PackLoader:240 - Cannot read IP mode file for STMicroelectronics.FP-ATR-ASTRA1.2.0.0
2024-04-03 17:03:23,050 [WARN] PackLoader:240 - Cannot read IP mode file for STMicroelectronics.X-CUBE-TOF1.3.4.1
2024-04-03 17:03:23,076 [WARN] PackLoader:240 - Cannot read IP mode file for STMicroelectronics.X-CUBE-AZRTOS-H7.3.2.0
2024-04-03 17:03:23,078 [INFO] ThirdParty:978 - Integrity check success = true
2024-04-03 17:03:23,078 [INFO] IntegrityCheckThread:100 - exiting critical section [integrity check]
2024-04-03 17:03:23,078 [INFO] IntegrityCheckThread:103 - End integrity checks thread
2024-04-03 17:03:37,940 [ERROR] LogOutputStream:75 - [STDERR_REDIRECT] SLF4J: Failed to load class "org.slf4j.impl.StaticLoggerBinder".
2024-04-03 17:03:37,941 [ERROR] LogOutputStream:75 - [STDERR_REDIRECT] SLF4J: Defaulting to no-operation (NOP) logger implementation
2024-04-03 17:03:37,942 [ERROR] LogOutputStream:75 - [STDERR_REDIRECT] SLF4J: See http://www.slf4j.org/codes.html#StaticLoggerBinder for further details.
2024-04-03 18:21:09,660 [ERROR] LogOutputStream:75 - [STDERR_REDIRECT] 
